[INFO]  2025/09/05 08:10:45 LOG_ROTATION_COMPLETED: timestamp=2025-09-05T08:10:45Z
[INFO]  2025/09/05 08:10:45 LOGGER_SHUTDOWN: timestamp=2025-09-05T08:10:45Z
[INFO]  2025/09/05 08:12:07 SYSTEM_STARTED: version=4.0 user=rls
[INFO]  2025/09/05 08:13:20 SYSTEM_SHUTDOWN: uptime=1m13.367969904s
[INFO]  2025/09/05 08:13:20 SYSTEM_SHUTDOWN: uptime=1m13.368060798s
[INFO]  2025/09/05 08:13:20 LOG_ROTATION_COMPLETED: timestamp=2025-09-05T08:13:20Z
[INFO]  2025/09/05 08:13:20 LOGGER_SHUTDOWN: timestamp=2025-09-05T08:13:20Z
[INFO]  2025/09/05 08:13:39 SYSTEM_STARTED: version=4.0 user=rls
[INFO]  2025/09/05 08:14:54 CONFIG_CHANGE: component=PLC_MANAGER change=PLC desconectado (PLC write timeout (5s)) - tentando reconectar
[INFO]  2025/09/05 08:15:24 CONFIG_CHANGE: component=PLC_MANAGER change=PLC reconectado após 30s - 3 tentativas
[INFO]  2025/09/05 08:15:24 PLC_RECONNECTED: downtime=29.969047743s
[INFO]  2025/09/05 08:15:25 RADAR_RECONNECTED: Radar Caldeira (caldeira) downtime=4.999940016s
[INFO]  2025/09/05 08:16:32 SYSTEM_SHUTDOWN: uptime=2m53.844651293s
[INFO]  2025/09/05 08:16:32 LOG_ROTATION_COMPLETED: timestamp=2025-09-05T08:16:32Z
[INFO]  2025/09/05 08:16:32 SYSTEM_SHUTDOWN: uptime=2m53.84483836s
[INFO]  2025/09/05 08:16:32 LOGGER_SHUTDOWN: timestamp=2025-09-05T08:16:32Z
[INFO]  2025/09/05 08:20:17 SYSTEM_STARTED: version=4.0 user=rls
[INFO]  2025/09/05 08:21:58 RADAR_RECONNECTED: Radar Caldeira (caldeira) downtime=42.999345647s
[INFO]  2025/09/05 08:23:26 CONFIG_CHANGE: component=PLC_MANAGER change=PLC desconectado (PLC read timeout (5s)) - tentando reconectar
[INFO]  2025/09/05 08:24:21 CONFIG_CHANGE: component=PLC_MANAGER change=PLC reconectado após 55s - 4 tentativas
[INFO]  2025/09/05 08:24:21 PLC_RECONNECTED: downtime=50.965251235s
[INFO]  2025/09/05 08:24:22 RADAR_RECONNECTED: Radar Caldeira (caldeira) downtime=25.999921996s
[INFO]  2025/09/05 08:24:36 SYSTEM_SHUTDOWN: uptime=4m19.411808875s
[INFO]  2025/09/05 08:37:17 SYSTEM_STARTED: version=4.0 user=rls
[INFO]  2025/09/05 08:38:50 CONFIG_CHANGE: component=PLC_MANAGER change=PLC desconectado (PLC read timeout (5s)) - tentando reconectar
[INFO]  2025/09/05 08:40:15 CONFIG_CHANGE: component=PLC_MANAGER change=PLC reconectado após 1.4m - 5 tentativas
[INFO]  2025/09/05 08:40:16 PLC_RECONNECTED: downtime=1m20.922960664s
[INFO]  2025/09/05 08:40:17 RADAR_RECONNECTED: Radar Caldeira (caldeira) downtime=56.000800934s
[INFO]  2025/09/05 08:45:21 SYSTEM_SHUTDOWN: uptime=8m4.159068044s
[INFO]  2025/09/05 08:45:21 SYSTEM_SHUTDOWN: uptime=8m4.159030333s
[INFO]  2025/09/05 08:45:21 LOG_ROTATION_COMPLETED: timestamp=2025-09-05T08:45:21Z
[INFO]  2025/09/05 08:45:21 LOGGER_SHUTDOWN: timestamp=2025-09-05T08:45:21Z
[INFO]  2025/09/05 08:45:35 SYSTEM_STARTED: version=4.0 user=rls
[INFO]  2025/09/05 08:48:00 CONFIG_CHANGE: component=PLC_MANAGER change=PLC desconectado (PLC read timeout (5s)) - tentando reconectar
[INFO]  2025/09/05 08:48:54 CONFIG_CHANGE: component=PLC_MANAGER change=PLC reconectado após 54s - 4 tentativas
[INFO]  2025/09/05 08:48:55 PLC_RECONNECTED: downtime=51.944671617s
[INFO]  2025/09/05 08:49:02 RADAR_RECONNECTED: Radar Caldeira (caldeira) downtime=32.390995933s
[INFO]  2025/09/05 08:50:22 SYSTEM_SHUTDOWN: uptime=4m46.922604025s
[INFO]  2025/09/05 08:50:22 LOG_ROTATION_COMPLETED: timestamp=2025-09-05T08:50:22Z
[INFO]  2025/09/05 08:50:22 SYSTEM_SHUTDOWN: uptime=4m46.922863497s
[INFO]  2025/09/05 08:50:22 LOGGER_SHUTDOWN: timestamp=2025-09-05T08:50:22Z
[INFO]  2025/09/05 08:55:09 SYSTEM_STARTED: version=4.0 user=rls
[INFO]  2025/09/05 08:55:17 SYSTEM_SHUTDOWN: uptime=8.118531104s
[INFO]  2025/09/05 08:55:36 SYSTEM_STARTED: version=4.0 user=rls
[INFO]  2025/09/05 09:01:20 SYSTEM_SHUTDOWN: uptime=5m44.641723638s
[INFO]  2025/09/05 09:01:21 SYSTEM_SHUTDOWN: uptime=5m45.271537297s
[INFO]  2025/09/05 09:01:21 LOG_ROTATION_COMPLETED: timestamp=2025-09-05T09:01:21Z
[INFO]  2025/09/05 09:01:21 LOGGER_SHUTDOWN: timestamp=2025-09-05T09:01:21Z
[INFO]  2025/09/05 09:03:00 SYSTEM_STARTED: version=4.0 user=rls
[INFO]  2025/09/05 09:03:18 SYSTEM_SHUTDOWN: uptime=18.416014986s
[INFO]  2025/09/05 09:03:52 SYSTEM_STARTED: version=4.0 user=rls
[INFO]  2025/09/05 09:05:21 CONFIG_CHANGE: component=PLC_MANAGER change=PLC desconectado (PLC read timeout (5s)) - tentando reconectar
[INFO]  2025/09/05 09:06:44 CONFIG_CHANGE: component=PLC_MANAGER change=PLC reconectado após 1.4m - 5 tentativas
[INFO]  2025/09/05 09:06:45 PLC_RECONNECTED: downtime=1m19.377321724s
[INFO]  2025/09/05 09:06:46 RADAR_RECONNECTED: Radar Caldeira (caldeira) downtime=1m9.9998357s
[INFO]  2025/09/05 09:07:51 CONFIG_CHANGE: component=PLC_MANAGER change=PLC desconectado (PLC write timeout (5s)) - tentando reconectar
[INFO]  2025/09/05 09:09:16 CONFIG_CHANGE: component=PLC_MANAGER change=PLC reconectado após 1.4m - 5 tentativas
[INFO]  2025/09/05 09:09:16 PLC_RECONNECTED: downtime=1m24.968901703s
[INFO]  2025/09/05 09:09:17 RADAR_RECONNECTED: Radar Caldeira (caldeira) downtime=1m0.000199594s
[INFO]  2025/09/05 09:17:06 SYSTEM_SHUTDOWN: uptime=13m14.665986952s
[INFO]  2025/09/05 09:17:06 SYSTEM_SHUTDOWN: uptime=13m14.665955019s
[INFO]  2025/09/05 09:17:06 LOG_ROTATION_COMPLETED: timestamp=2025-09-05T09:17:06Z
[INFO]  2025/09/05 09:17:06 LOGGER_SHUTDOWN: timestamp=2025-09-05T09:17:06Z
[INFO]  2025/09/05 09:18:19 SYSTEM_STARTED: version=4.0 user=rls
[INFO]  2025/09/05 09:18:31 SYSTEM_SHUTDOWN: uptime=12.19537836s
[INFO]  2025/09/05 09:24:11 SYSTEM_STARTED: version=4.0 user=rls
[INFO]  2025/09/05 09:59:41 SYSTEM_SHUTDOWN: uptime=35m29.907105432s
[INFO]  2025/09/05 09:59:41 LOG_ROTATION_COMPLETED: timestamp=2025-09-05T09:59:41Z
[INFO]  2025/09/05 09:59:41 SYSTEM_SHUTDOWN: uptime=35m29.907212801s
[INFO]  2025/09/05 10:00:13 SYSTEM_STARTED: version=4.0 user=rls
[INFO]  2025/09/05 10:26:38 SYSTEM_SHUTDOWN: uptime=26m24.898657053s
