[SYSTEM] 2025/09/02 08:48:31.844149 ========== SISTEMA INICIADO ==========
[SYSTEM] 2025/09/02 08:48:31.844208 ========== SISTEMA RADAR SICK INICIADO ==========
[SYSTEM] 2025/09/02 08:48:31.844211 Usuário: rls
[SYSTEM] 2025/09/02 08:48:31.844214 Data/Hora: 2025-09-02 08:48:31 UTC
[SYSTEM] 2025/09/02 08:48:31.844215 Versão: v2.1.0
[SYSTEM] 2025/09/02 08:48:31.844220 RadarManager criado
[SYSTEM] 2025/09/02 08:48:31.844222 INIT: Adicionando 3 radares
[SYSTEM] 2025/09/02 08:48:31.844236 RADAR_ADDED: Radar Caldeira (192.168.1.84:2111)
[SYSTEM] 2025/09/02 08:48:31.844243 RADAR_ADDED: Radar Porta Jusante (192.168.1.85:2111)
[SYSTEM] 2025/09/02 08:48:31.844250 RADAR_ADDED: Radar Porta Montante (192.168.1.86:2111)
[SYSTEM] 2025/09/02 08:48:31.844253 INIT: Conectando PLC Siemens...
[SYSTEM] 2025/09/02 08:48:33.553069 PLC_STATUS: Conectado com sucesso
[SYSTEM] 2025/09/02 08:48:35.553634 PLC_STATES: Caldeira=true, Jusante=false, Montante=false
[SYSTEM] 2025/09/02 08:48:35.553739 RADAR_INIT: Conectando radares habilitados
[SYSTEM] 2025/09/02 08:48:35.553751 RADAR_SKIP: Radar Porta Jusante desabilitado
[SYSTEM] 2025/09/02 08:48:35.553760 RADAR_SKIP: Radar Porta Montante desabilitado
[SYSTEM] 2025/09/02 08:48:35.857901 READY: Loop principal iniciado
[SYSTEM] 2025/09/02 08:50:29.210121 DATA: 100 pacotes processados
[SYSTEM] 2025/09/02 08:52:22.479615 DATA: 200 pacotes processados
[SYSTEM] 2025/09/02 08:54:16.551809 DATA: 300 pacotes processados
[SYSTEM] 2025/09/02 08:56:09.130477 DATA: 400 pacotes processados
[SYSTEM] 2025/09/02 08:57:58.987463 DATA: 500 pacotes processados
[SYSTEM] 2025/09/02 08:59:49.074347 DATA: 600 pacotes processados
[SYSTEM] 2025/09/02 09:01:44.599447 DATA: 700 pacotes processados
[SYSTEM] 2025/09/02 09:03:37.220614 DATA: 800 pacotes processados
[SYSTEM] 2025/09/02 09:04:31.556926 SHUTDOWN: Sinal interrupt recebido
[SYSTEM] 2025/09/02 09:04:31.556989 SHUTDOWN: Tempo ativo=15m59.712801369s, Pacotes=846
[SYSTEM] 2025/09/02 09:04:31.557006 ========== SISTEMA ENCERRADO ==========
[SYSTEM] 2025/09/02 09:04:32.850000 ========== LOGS INTELIGENTES - SÓ FALHAS E ALARMES ==========
[SYSTEM] 2025/09/02 09:04:32.850071 ========== SISTEMA RADAR SICK INICIADO ==========
[SYSTEM] 2025/09/02 09:04:32.850075 Usuário: rls | Data: 2025-09-02 09:04:32 | Versão: v2.1.0
[SYSTEM] 2025/09/02 09:04:34.570371 PLC_RECOVERY: Sistema PLC restaurado
[SYSTEM] 2025/09/02 09:04:36.873651 SYSTEM_READY: Loop principal iniciado
[SYSTEM] 2025/09/02 09:58:16.540713 GRACEFUL_SHUTDOWN: Sinal interrupt recebido
[SYSTEM] 2025/09/02 09:58:16.540799 SYSTEM_SHUTDOWN: Uptime=53m43.690756064s, Erros=0
[SYSTEM] 2025/09/02 09:58:16.540820 ========== SISTEMA ENCERRADO ==========
[SYSTEM] 2025/09/02 09:58:17.433906 ========== LOGS COM ROTATION - SÓ FALHAS E ALARMES ==========
[SYSTEM] 2025/09/02 09:58:17.433979 ========== SISTEMA RADAR SICK INICIADO ==========
[SYSTEM] 2025/09/02 09:58:17.434006 Usuário: rls | Data: 2025-09-02 09:58:17 | Versão: v2.1.0
[SYSTEM] 2025/09/02 09:58:17.434009 LOG_ROTATION: Ativo - máximo 7 dias, 10MB por arquivo
[SYSTEM] 2025/09/02 09:58:19.144154 PLC_RECOVERY: Sistema PLC restaurado
[SYSTEM] 2025/09/02 09:58:21.447693 SYSTEM_READY: Loop principal iniciado
[SYSTEM] 2025/09/02 10:52:42.580752 GRACEFUL_SHUTDOWN: Sinal interrupt recebido
[SYSTEM] 2025/09/02 10:52:42.580832 SYSTEM_SHUTDOWN: Uptime=54m25.146881706s, Erros=0
[SYSTEM] 2025/09/02 10:52:42.580883 ========== SISTEMA ENCERRADO ==========
[SYSTEM] 2025/09/02 10:52:43.868719 ========== LOGS COM ROTATION - SÓ FALHAS E ALARMES ==========
[SYSTEM] 2025/09/02 10:52:43.868785 ========== SISTEMA RADAR SICK INICIADO ==========
[SYSTEM] 2025/09/02 10:52:43.868789 Usuário: rls | Data: 2025-09-02 10:52:43 | Versão: v2.1.0
[SYSTEM] 2025/09/02 10:52:43.868792 LOG_ROTATION: Ativo - máximo 7 dias, 10MB por arquivo
[SYSTEM] 2025/09/02 10:52:45.576772 PLC_RECOVERY: Sistema PLC restaurado
[SYSTEM] 2025/09/02 10:52:47.880774 SYSTEM_READY: Loop principal iniciado
[SYSTEM] 2025/09/02 11:52:43.870954 LOG_ROTATION: Manutenção automática executada
[SYSTEM] 2025/09/02 12:06:03.593584 GRACEFUL_SHUTDOWN: Sinal interrupt recebido
[SYSTEM] 2025/09/02 12:06:03.593717 SYSTEM_SHUTDOWN: Uptime=1h13m19.724961677s, Erros=0
[SYSTEM] 2025/09/02 12:06:03.593738 ========== SISTEMA ENCERRADO ==========
[SYSTEM] 2025/09/02 12:06:05.292207 ========== LOGS COM ROTATION - SÓ FALHAS E ALARMES ==========
[SYSTEM] 2025/09/02 12:06:05.292271 ========== SISTEMA RADAR SICK INICIADO ==========
[SYSTEM] 2025/09/02 12:06:05.292275 Usuário: rls | Data: 2025-09-02 12:06:05 | Versão: v2.1.0
[SYSTEM] 2025/09/02 12:06:05.292278 LOG_ROTATION: Ativo - máximo 7 dias, 10MB por arquivo
[SYSTEM] 2025/09/02 12:06:07.001341 PLC_RECOVERY: Sistema PLC restaurado
[SYSTEM] 2025/09/02 12:06:09.305116 SYSTEM_READY: Loop principal iniciado
[SYSTEM] 2025/09/02 12:24:35.852443 GRACEFUL_SHUTDOWN: Sinal interrupt recebido
[SYSTEM] 2025/09/02 12:24:35.852519 SYSTEM_SHUTDOWN: Uptime=18m30.560276798s, Erros=0
[SYSTEM] 2025/09/02 12:24:35.852541 ========== SISTEMA ENCERRADO ==========
[SYSTEM] 2025/09/02 12:24:36.866474 ========== LOGS COM ROTATION - SÓ FALHAS E ALARMES ==========
[SYSTEM] 2025/09/02 12:24:36.866562 ========== SISTEMA RADAR SICK INICIADO ==========
[SYSTEM] 2025/09/02 12:24:36.866567 Usuário: rls | Data: 2025-09-02 12:24:36 | Versão: v2.1.0
[SYSTEM] 2025/09/02 12:24:36.866570 LOG_ROTATION: Ativo - máximo 7 dias, 10MB por arquivo
[SYSTEM] 2025/09/02 12:24:38.576682 PLC_RECOVERY: Sistema PLC restaurado
[SYSTEM] 2025/09/02 12:24:40.880690 SYSTEM_READY: Loop principal iniciado
[SYSTEM] 2025/09/02 12:47:37.340801 GRACEFUL_SHUTDOWN: Sinal interrupt recebido
[SYSTEM] 2025/09/02 12:47:37.340869 SYSTEM_SHUTDOWN: Uptime=23m0.474360025s, Erros=0
[SYSTEM] 2025/09/02 12:47:37.340887 ========== SISTEMA ENCERRADO ==========
[SYSTEM] 2025/09/02 12:47:38.988413 ========== LOGS COM ROTATION - SÓ FALHAS E ALARMES ==========
[SYSTEM] 2025/09/02 12:47:38.988487 ========== SISTEMA RADAR SICK INICIADO ==========
[SYSTEM] 2025/09/02 12:47:38.988491 Usuário: rls | Data: 2025-09-02 12:47:38 | Versão: v2.1.0
[SYSTEM] 2025/09/02 12:47:38.988494 LOG_ROTATION: Ativo - máximo 7 dias, 10MB por arquivo
[SYSTEM] 2025/09/02 12:47:40.697858 PLC_RECOVERY: Sistema PLC restaurado
[SYSTEM] 2025/09/02 12:47:43.001343 SYSTEM_READY: Loop principal iniciado
[SYSTEM] 2025/09/02 12:55:55.865821 GRACEFUL_SHUTDOWN: Sinal interrupt recebido
[SYSTEM] 2025/09/02 12:55:55.865897 SYSTEM_SHUTDOWN: Uptime=8m16.877440794s, Erros=0
[SYSTEM] 2025/09/02 12:55:55.865915 ========== SISTEMA ENCERRADO ==========
[SYSTEM] 2025/09/02 12:55:57.277661 ========== LOGS COM ROTATION - SÓ FALHAS E ALARMES ==========
[SYSTEM] 2025/09/02 12:55:57.277738 ========== SISTEMA RADAR SICK INICIADO ==========
[SYSTEM] 2025/09/02 12:55:57.277742 Usuário: rls | Data: 2025-09-02 12:55:57 | Versão: v2.1.0
[SYSTEM] 2025/09/02 12:55:57.277745 LOG_ROTATION: Ativo - máximo 7 dias, 10MB por arquivo
[SYSTEM] 2025/09/02 12:55:58.986865 PLC_RECOVERY: Sistema PLC restaurado
[SYSTEM] 2025/09/02 12:56:01.291828 SYSTEM_READY: Loop principal iniciado
[SYSTEM] 2025/09/02 13:04:40.707411 GRACEFUL_SHUTDOWN: Sinal interrupt recebido
[SYSTEM] 2025/09/02 13:04:40.707489 SYSTEM_SHUTDOWN: Uptime=8m43.429787089s, Erros=0
[SYSTEM] 2025/09/02 13:04:40.707508 ========== SISTEMA ENCERRADO ==========
[SYSTEM] 2025/09/02 13:04:42.021306 ========== LOGS COM ROTATION - SÓ FALHAS E ALARMES ==========
[SYSTEM] 2025/09/02 13:04:42.021430 ========== SISTEMA RADAR SICK INICIADO ==========
[SYSTEM] 2025/09/02 13:04:42.021434 Usuário: rls | Data: 2025-09-02 13:04:42 | Versão: v2.1.0
[SYSTEM] 2025/09/02 13:04:42.021437 LOG_ROTATION: Ativo - máximo 7 dias, 10MB por arquivo
[SYSTEM] 2025/09/02 13:04:43.730725 PLC_RECOVERY: Sistema PLC restaurado
[SYSTEM] 2025/09/02 13:04:46.034828 SYSTEM_READY: Loop principal iniciado
[SYSTEM] 2025/09/02 13:36:18.271464 GRACEFUL_SHUTDOWN: Sinal interrupt recebido
[SYSTEM] 2025/09/02 13:36:18.271532 SYSTEM_SHUTDOWN: Uptime=31m36.250151735s, Erros=0
[SYSTEM] 2025/09/02 13:36:18.271551 ========== SISTEMA ENCERRADO ==========
[SYSTEM] 2025/09/02 13:43:05.814346 ========== LOGS COM ROTATION - SÓ FALHAS E ALARMES ==========
[SYSTEM] 2025/09/02 13:43:05.814424 ========== SISTEMA RADAR SICK INICIADO ==========
[SYSTEM] 2025/09/02 13:43:05.814427 Usuário: rls | Data: 2025-09-02 13:43:05 | Versão: v2.1.0
[SYSTEM] 2025/09/02 13:43:05.814430 LOG_ROTATION: Ativo - máximo 7 dias, 10MB por arquivo
[SYSTEM] 2025/09/02 13:43:07.538891 PLC_RECOVERY: Sistema PLC restaurado
[SYSTEM] 2025/09/02 13:43:09.851638 SYSTEM_READY: Loop principal iniciado
[SYSTEM] 2025/09/02 13:43:22.994043 GRACEFUL_SHUTDOWN: Sinal interrupt recebido
[SYSTEM] 2025/09/02 13:43:22.994094 SYSTEM_SHUTDOWN: Uptime=17.179701655s, Erros=0
[SYSTEM] 2025/09/02 13:43:22.994113 ========== SISTEMA ENCERRADO ==========
[SYSTEM] 2025/09/02 13:51:20.543064 ========== LOGS COM ROTATION - SÓ FALHAS E ALARMES ==========
[SYSTEM] 2025/09/02 13:51:20.543153 ========== SISTEMA RADAR SICK INICIADO ==========
[SYSTEM] 2025/09/02 13:51:20.543158 Usuário: rls | Data: 2025-09-02 13:51:20 | Versão: v2.1.0
[SYSTEM] 2025/09/02 13:51:20.543161 LOG_ROTATION: Ativo - máximo 7 dias, 10MB por arquivo
[SYSTEM] 2025/09/02 13:51:22.253139 PLC_RECOVERY: Sistema PLC restaurado
[SYSTEM] 2025/09/02 13:51:24.561616 SYSTEM_READY: Loop principal iniciado
[SYSTEM] 2025/09/02 13:51:47.862207 GRACEFUL_SHUTDOWN: Sinal interrupt recebido
[SYSTEM] 2025/09/02 13:51:47.862260 SYSTEM_SHUTDOWN: Uptime=27.319137462s, Erros=0
[SYSTEM] 2025/09/02 13:51:47.862277 ========== SISTEMA ENCERRADO ==========
[SYSTEM] 2025/09/02 14:03:53.725155 ========== LOGS COM ROTATION - SÓ FALHAS E ALARMES ==========
[SYSTEM] 2025/09/02 14:03:53.725226 ========== SISTEMA RADAR SICK INICIADO ==========
[SYSTEM] 2025/09/02 14:03:53.725230 Usuário: rls | Data: 2025-09-02 14:03:53 | Versão: v2.1.0
[SYSTEM] 2025/09/02 14:03:53.725233 LOG_ROTATION: Ativo - máximo 7 dias, 10MB por arquivo
[SYSTEM] 2025/09/02 14:03:55.436761 PLC_RECOVERY: Sistema PLC restaurado
[SYSTEM] 2025/09/02 14:03:57.744188 SYSTEM_READY: Loop principal iniciado
[SYSTEM] 2025/09/02 14:04:21.742526 GRACEFUL_SHUTDOWN: Sinal interrupt recebido
[SYSTEM] 2025/09/02 14:04:21.742577 SYSTEM_SHUTDOWN: Uptime=28.017377653s, Erros=0
[SYSTEM] 2025/09/02 14:04:21.742625 ========== SISTEMA ENCERRADO ==========
[SYSTEM] 2025/09/02 14:04:35.331326 ========== LOGS COM ROTATION - SÓ FALHAS E ALARMES ==========
[SYSTEM] 2025/09/02 14:04:35.331406 ========== SISTEMA RADAR SICK INICIADO ==========
[SYSTEM] 2025/09/02 14:04:35.331410 Usuário: rls | Data: 2025-09-02 14:04:35 | Versão: v2.1.0
[SYSTEM] 2025/09/02 14:04:35.331413 LOG_ROTATION: Ativo - máximo 7 dias, 10MB por arquivo
[SYSTEM] 2025/09/02 14:04:37.047957 PLC_RECOVERY: Sistema PLC restaurado
[SYSTEM] 2025/09/02 14:04:39.352045 SYSTEM_READY: Loop principal iniciado
[SYSTEM] 2025/09/02 14:04:42.568160 GRACEFUL_SHUTDOWN: Sinal interrupt recebido
[SYSTEM] 2025/09/02 14:04:42.568203 SYSTEM_SHUTDOWN: Uptime=7.236830631s, Erros=0
[SYSTEM] 2025/09/02 14:04:42.568219 ========== SISTEMA ENCERRADO ==========
[SYSTEM] 2025/09/02 14:08:01.125515 ========== LOGS COM ROTATION - SÓ FALHAS E ALARMES ==========
[SYSTEM] 2025/09/02 14:08:01.125602 ========== SISTEMA RADAR SICK INICIADO ==========
[SYSTEM] 2025/09/02 14:08:01.125608 Usuário: rls | Data: 2025-09-02 14:08:01 | Versão: v2.1.0
[SYSTEM] 2025/09/02 14:08:01.125611 LOG_ROTATION: Ativo - máximo 7 dias, 10MB por arquivo
[SYSTEM] 2025/09/02 14:08:02.836833 PLC_RECOVERY: Sistema PLC restaurado
[SYSTEM] 2025/09/02 14:08:05.144418 SYSTEM_READY: Loop principal iniciado
[SYSTEM] 2025/09/02 14:08:24.300433 GRACEFUL_SHUTDOWN: Sinal interrupt recebido
[SYSTEM] 2025/09/02 14:08:24.300489 SYSTEM_SHUTDOWN: Uptime=23.174928085s, Erros=0
[SYSTEM] 2025/09/02 14:08:24.300506 ========== SISTEMA ENCERRADO ==========
[SYSTEM] 2025/09/02 14:21:43.232474 ========== LOGS COM ROTATION - SÓ FALHAS E ALARMES ==========
[SYSTEM] 2025/09/02 14:21:43.232542 ========== SISTEMA RADAR SICK INICIADO ==========
[SYSTEM] 2025/09/02 14:21:43.232547 Usuário: rls | Data: 2025-09-02 14:21:43 | Versão: v2.1.0
[SYSTEM] 2025/09/02 14:21:43.232550 LOG_ROTATION: Ativo - máximo 7 dias, 10MB por arquivo
[SYSTEM] 2025/09/02 14:21:44.942834 PLC_RECOVERY: Sistema PLC restaurado
[SYSTEM] 2025/09/02 14:21:47.257367 SYSTEM_READY: Loop principal iniciado
[SYSTEM] 2025/09/02 14:22:07.491634 GRACEFUL_SHUTDOWN: Sinal interrupt recebido
[SYSTEM] 2025/09/02 14:22:07.491689 SYSTEM_SHUTDOWN: Uptime=24.259178565s, Erros=0
[SYSTEM] 2025/09/02 14:22:07.491708 ========== SISTEMA ENCERRADO ==========
[SYSTEM] 2025/09/02 14:26:15.055750 ========== LOGS COM ROTATION - SÓ FALHAS E ALARMES ==========
[SYSTEM] 2025/09/02 14:26:15.055821 ========== SISTEMA RADAR SICK INICIADO ==========
[SYSTEM] 2025/09/02 14:26:15.055825 Usuário: rls | Data: 2025-09-02 14:26:15 | Versão: v2.1.0
[SYSTEM] 2025/09/02 14:26:15.055828 LOG_ROTATION: Ativo - máximo 7 dias, 10MB por arquivo
[SYSTEM] 2025/09/02 14:26:16.766350 PLC_RECOVERY: Sistema PLC restaurado
[SYSTEM] 2025/09/02 14:26:19.069956 SYSTEM_READY: Loop principal iniciado
[SYSTEM] 2025/09/02 14:29:37.750153 GRACEFUL_SHUTDOWN: Sinal interrupt recebido
[SYSTEM] 2025/09/02 14:29:37.750227 SYSTEM_SHUTDOWN: Uptime=3m22.694434888s, Erros=0
[SYSTEM] 2025/09/02 14:29:37.750245 ========== SISTEMA ENCERRADO ==========
[SYSTEM] 2025/09/02 14:33:24.004445 ========== LOGS COM ROTATION - SÓ FALHAS E ALARMES ==========
[SYSTEM] 2025/09/02 14:33:24.004532 ========== SISTEMA RADAR SICK INICIADO ==========
[SYSTEM] 2025/09/02 14:33:24.004536 Usuário: rls | Data: 2025-09-02 14:33:24 | Versão: v2.1.0
[SYSTEM] 2025/09/02 14:33:24.004539 LOG_ROTATION: Ativo - máximo 7 dias, 10MB por arquivo
[SYSTEM] 2025/09/02 14:33:25.714717 PLC_RECOVERY: Sistema PLC restaurado
[SYSTEM] 2025/09/02 14:33:28.019446 SYSTEM_READY: Loop principal iniciado
[SYSTEM] 2025/09/02 14:40:44.944677 GRACEFUL_SHUTDOWN: Sinal interrupt recebido
[SYSTEM] 2025/09/02 14:40:44.944758 SYSTEM_SHUTDOWN: Uptime=7m20.940275283s, Erros=0
[SYSTEM] 2025/09/02 14:40:44.944797 ========== SISTEMA ENCERRADO ==========
[SYSTEM] 2025/09/02 14:40:57.435963 ========== LOGS COM ROTATION - SÓ FALHAS E ALARMES ==========
[SYSTEM] 2025/09/02 14:40:57.436037 ========== SISTEMA RADAR SICK INICIADO ==========
[SYSTEM] 2025/09/02 14:40:57.436042 Usuário: rls | Data: 2025-09-02 14:40:57 | Versão: v2.1.0
[SYSTEM] 2025/09/02 14:40:57.436044 LOG_ROTATION: Ativo - máximo 7 dias, 10MB por arquivo
[SYSTEM] 2025/09/02 14:40:59.145885 PLC_RECOVERY: Sistema PLC restaurado
[SYSTEM] 2025/09/02 14:41:01.449110 SYSTEM_READY: Loop principal iniciado
[SYSTEM] 2025/09/02 14:41:08.600072 GRACEFUL_SHUTDOWN: Sinal interrupt recebido
[SYSTEM] 2025/09/02 14:41:08.600138 SYSTEM_SHUTDOWN: Uptime=11.164128952s, Erros=0
[SYSTEM] 2025/09/02 14:41:08.600156 ========== SISTEMA ENCERRADO ==========
[SYSTEM] 2025/09/02 14:41:14.413502 ========== LOGS COM ROTATION - SÓ FALHAS E ALARMES ==========
[SYSTEM] 2025/09/02 14:41:14.413579 ========== SISTEMA RADAR SICK INICIADO ==========
[SYSTEM] 2025/09/02 14:41:14.413584 Usuário: rls | Data: 2025-09-02 14:41:14 | Versão: v2.1.0
[SYSTEM] 2025/09/02 14:41:14.413591 LOG_ROTATION: Ativo - máximo 7 dias, 10MB por arquivo
[SYSTEM] 2025/09/02 14:41:16.124801 PLC_RECOVERY: Sistema PLC restaurado
[SYSTEM] 2025/09/02 14:41:18.428733 SYSTEM_READY: Loop principal iniciado
[SYSTEM] 2025/09/02 15:41:14.417761 LOG_ROTATION: Manutenção automática executada
[SYSTEM] 2025/09/02 15:54:30.806046 GRACEFUL_SHUTDOWN: Sinal interrupt recebido
[SYSTEM] 2025/09/02 15:54:30.806131 SYSTEM_SHUTDOWN: Uptime=1h13m16.392587337s, Erros=0
[SYSTEM] 2025/09/02 15:54:30.806154 ========== SISTEMA ENCERRADO ==========
[SYSTEM] 2025/09/02 15:54:32.381651 ========== LOGS v3.0 COM TIMEOUT INTELIGENTE ==========
[SYSTEM] 2025/09/02 15:54:32.381731 ========== SISTEMA RADAR SICK v3.0 INICIADO ==========
[SYSTEM] 2025/09/02 15:54:32.381737 Usuário: rls | Data: 2025-09-02 15:54:32 | Versão: v3.0.0
[SYSTEM] 2025/09/02 15:54:32.381740 TIMEOUT_INTELIGENTE: 45s | RECONEXÃO: Assíncrona | COLETA: Independente
[SYSTEM] 2025/09/02 15:54:34.091901 PLC_RECOVERY: Sistema PLC v3.0 restaurado
[SYSTEM] 2025/09/02 15:54:53.090332 SYSTEM_READY: Loop principal v3.0 iniciado - SEM BLOQUEIO MÚTUO
[SYSTEM] 2025/09/02 16:10:51.373878 GRACEFUL_SHUTDOWN: Sinal interrupt recebido
[SYSTEM] 2025/09/02 16:10:51.373985 SYSTEM_SHUTDOWN: Uptime=16m18.992285331s, Erros=0
[SYSTEM] 2025/09/02 16:10:51.374005 ========== SISTEMA v3.0 ENCERRADO ==========
[SYSTEM] 2025/09/02 16:13:19.675083 ========== LOGS v3.0 COM TIMEOUT INTELIGENTE ==========
[SYSTEM] 2025/09/02 16:13:19.675178 ========== SISTEMA RADAR SICK v3.0 INICIADO ==========
[SYSTEM] 2025/09/02 16:13:19.675183 Usuário: rls | Data: 2025-09-02 16:13:19 | Versão: v3.0.0
[SYSTEM] 2025/09/02 16:13:19.675187 TIMEOUT_INTELIGENTE: 45s | RECONEXÃO: Assíncrona | COLETA: Independente
[SYSTEM] 2025/09/02 16:13:21.388036 PLC_RECOVERY: Sistema PLC v3.0 restaurado
[SYSTEM] 2025/09/02 16:13:23.388547 SYSTEM_READY: Loop principal v3.0 iniciado - SEM BLOQUEIO MÚTUO
[SYSTEM] 2025/09/02 16:28:07.846719 GRACEFUL_SHUTDOWN: Sinal interrupt recebido
[SYSTEM] 2025/09/02 16:28:07.846797 SYSTEM_SHUTDOWN: Uptime=14m48.171672136s, Erros=0
[SYSTEM] 2025/09/02 16:28:07.846819 ========== SISTEMA v3.0 ENCERRADO ==========
[SYSTEM] 2025/09/02 16:28:09.200806 ========== LOGS v3.1 THREAD-SAFE COM TIMEOUT INTELIGENTE ==========
[SYSTEM] 2025/09/02 16:28:09.200896 ========== SISTEMA RADAR SICK v3.1 THREAD-SAFE INICIADO ==========
[SYSTEM] 2025/09/02 16:28:09.200902 Usuário: rls | Data: 2025-09-02 16:28:09 | Versão: v3.1.0
[SYSTEM] 2025/09/02 16:28:09.200905 CORREÇÕES: Race conditions ✅ Memory leaks ✅ Deadlocks ✅
[SYSTEM] 2025/09/02 16:28:10.908931 PLC_RECOVERY: Sistema PLC v3.1 restaurado
[SYSTEM] 2025/09/02 16:28:29.986356 SYSTEM_READY: Loop principal v3.1 iniciado - THREAD-SAFE
[SYSTEM] 2025/09/02 16:43:17.064652 GRACEFUL_SHUTDOWN: Sinal interrupt recebido
[SYSTEM] 2025/09/02 16:54:11.611777 ========== LOGS v3.1 THREAD-SAFE COM TIMEOUT INTELIGENTE ==========
[SYSTEM] 2025/09/02 16:54:11.611884 ========== SISTEMA RADAR SICK v3.1 THREAD-SAFE INICIADO ==========
[SYSTEM] 2025/09/02 16:54:11.611890 Usuário: rls | Data: 2025-09-02 16:54:11 | Versão: v3.1.0
[SYSTEM] 2025/09/02 16:54:11.611894 CORREÇÕES: Race conditions ✅ Memory leaks ✅ Deadlocks ✅
[SYSTEM] 2025/09/02 16:54:13.319915 PLC_RECOVERY: Sistema PLC v3.1 restaurado
[SYSTEM] 2025/09/02 16:54:15.320102 SYSTEM_READY: Loop principal v3.1 iniciado - THREAD-SAFE
[SYSTEM] 2025/09/02 17:54:11.613116 LOG_ROTATION: Manutenção automática executada
[SYSTEM] 2025/09/02 18:47:49.074982 GRACEFUL_SHUTDOWN: Sinal interrupt recebido
[SYSTEM] 2025/09/02 18:47:49.075616 SYSTEM_SHUTDOWN: Uptime=1h53m37.463782552s, Packets=15330, Errors=0
[SYSTEM] 2025/09/02 18:47:49.075652 ========== SISTEMA v3.1 THREAD-SAFE ENCERRADO ==========
[SYSTEM] 2025/09/02 18:47:52.353599 ========== LOGS v3.1 THREAD-SAFE COM SKIP INTELIGENTE ==========
[SYSTEM] 2025/09/02 18:47:52.353679 ========== SISTEMA RADAR SICK v3.1 THREAD-SAFE INICIADO ==========
[SYSTEM] 2025/09/02 18:47:52.353685 Usuário: rls | Data: 2025-09-02 18:47:52 | Versão: v3.1.0 DELAY-FIX
[SYSTEM] 2025/09/02 18:47:52.353688 CORREÇÕES: Race conditions ✅ Memory leaks ✅ Deadlocks ✅ PLC Delay ✅
[SYSTEM] 2025/09/02 18:47:55.618482 MAIN_LOOP_STARTED: Loop principal v3.1 com correção de delay
[SYSTEM] 2025/09/02 18:47:59.075757 PERFORMANCE_WARNING: Loop lento 3256ms
[SYSTEM] 2025/09/02 18:48:02.354476 METRICS_UPDATE: Loops=13 Success=0.0% PLCErrors=0 AvgCollection=0ms
[SYSTEM] 2025/09/02 18:48:04.258381 PERFORMANCE_WARNING: Loop lento 3038ms
[SYSTEM] 2025/09/02 18:48:09.442571 PERFORMANCE_WARNING: Loop lento 3423ms
[SYSTEM] 2025/09/02 18:48:12.354716 METRICS_UPDATE: Loops=24 Success=0.0% PLCErrors=0 AvgCollection=65ms
[SYSTEM] 2025/09/02 18:48:12.642342 PERFORMANCE_WARNING: Loop lento 3199ms
[SYSTEM] 2025/09/02 18:48:17.826055 PERFORMANCE_WARNING: Loop lento 3007ms
[SYSTEM] 2025/09/02 18:48:18.453574 GRACEFUL_SHUTDOWN: Sinal interrupt recebido
[SYSTEM] 2025/09/02 18:48:23.010511 PERFORMANCE_WARNING: Loop lento 5184ms
[SYSTEM] 2025/09/02 18:48:23.010666 GRACEFUL_SHUTDOWN: 📊 MÉTRICAS FINAIS - Total Loops: 38 | Sucessos: 0 | PLC Erros: 0 | Uptime: 30s
[SYSTEM] 2025/09/02 18:48:23.010709 SYSTEM_SHUTDOWN: Uptime=30.657059377s, Packets=0, Errors=0
[SYSTEM] 2025/09/02 18:48:23.010755 ========== SISTEMA v3.1 THREAD-SAFE ENCERRADO ==========
[SYSTEM] 2025/09/02 18:48:47.977954 ========== LOGS v3.1 THREAD-SAFE COM SKIP INTELIGENTE ==========
[SYSTEM] 2025/09/02 18:48:47.978078 ========== SISTEMA RADAR SICK v3.1 THREAD-SAFE INICIADO ==========
[SYSTEM] 2025/09/02 18:48:47.978083 Usuário: rls | Data: 2025-09-02 18:48:47 | Versão: v3.1.0 DELAY-FIX
[SYSTEM] 2025/09/02 18:48:47.978087 CORREÇÕES: Race conditions ✅ Memory leaks ✅ Deadlocks ✅ PLC Delay ✅
[SYSTEM] 2025/09/02 18:48:48.186865 PLC_CONNECTED: Conexão inicial estabelecida
[SYSTEM] 2025/09/02 18:48:48.186968 MAIN_LOOP_STARTED: Loop principal v3.1 com correção de delay
[SYSTEM] 2025/09/02 18:48:51.505486 PERFORMANCE_WARNING: Loop lento 3118ms
[SYSTEM] 2025/09/02 18:48:56.692957 PERFORMANCE_WARNING: Loop lento 3304ms
[SYSTEM] 2025/09/02 18:48:57.978729 METRICS_UPDATE: Loops=19 Success=100.0% PLCErrors=0 AvgCollection=12ms
[SYSTEM] 2025/09/02 18:49:02.923454 PERFORMANCE_WARNING: Loop lento 4335ms
[SYSTEM] 2025/09/02 18:49:05.322024 PERFORMANCE_WARNING: Loop lento 2398ms
[SYSTEM] 2025/09/02 18:49:07.836351 PERFORMANCE_WARNING: Loop lento 1048ms
[SYSTEM] 2025/09/02 18:49:07.979054 METRICS_UPDATE: Loops=34 Success=97.1% PLCErrors=0 AvgCollection=4ms
[SYSTEM] 2025/09/02 18:49:10.507667 PERFORMANCE_WARNING: Loop lento 2671ms
[SYSTEM] 2025/09/02 18:49:16.681900 PERFORMANCE_WARNING: Loop lento 4294ms
[SYSTEM] 2025/09/02 18:49:17.979150 METRICS_UPDATE: Loops=52 Success=100.0% PLCErrors=0 AvgCollection=12ms
[SYSTEM] 2025/09/02 18:49:21.337926 PERFORMANCE_WARNING: Loop lento 3350ms
[SYSTEM] 2025/09/02 18:49:22.446186 PERFORMANCE_WARNING: Loop lento 1108ms
[SYSTEM] 2025/09/02 18:49:23.717365 PERFORMANCE_WARNING: Loop lento 1124ms
[SYSTEM] 2025/09/02 18:49:24.851043 PERFORMANCE_WARNING: Loop lento 1133ms
[SYSTEM] 2025/09/02 18:49:27.978870 METRICS_UPDATE: Loops=73 Success=100.0% PLCErrors=0 AvgCollection=0ms
[SYSTEM] 2025/09/02 18:49:32.665721 PERFORMANCE_WARNING: Loop lento 1077ms
[SYSTEM] 2025/09/02 18:49:34.902138 PERFORMANCE_WARNING: Loop lento 1114ms
[SYSTEM] 2025/09/02 18:49:37.978244 METRICS_UPDATE: Loops=115 Success=100.0% PLCErrors=0 AvgCollection=0ms
[SYSTEM] 2025/09/02 18:49:45.043035 PERFORMANCE_WARNING: Loop lento 1055ms
[SYSTEM] 2025/09/02 18:49:47.978907 METRICS_UPDATE: Loops=161 Success=100.0% PLCErrors=0 AvgCollection=0ms
[SYSTEM] 2025/09/02 18:49:52.241490 PERFORMANCE_WARNING: Loop lento 4254ms
[SYSTEM] 2025/09/02 18:49:57.625322 PERFORMANCE_WARNING: Loop lento 1037ms
[SYSTEM] 2025/09/02 18:49:57.978436 METRICS_UPDATE: Loops=187 Success=100.0% PLCErrors=0 AvgCollection=0ms
[SYSTEM] 2025/09/02 18:50:05.040742 PERFORMANCE_WARNING: Loop lento 1053ms
[SYSTEM] 2025/09/02 18:50:07.978831 METRICS_UPDATE: Loops=233 Success=100.0% PLCErrors=0 AvgCollection=0ms
[SYSTEM] 2025/09/02 18:50:14.025371 PERFORMANCE_WARNING: Loop lento 1038ms
[SYSTEM] 2025/09/02 18:50:17.978658 METRICS_UPDATE: Loops=279 Success=100.0% PLCErrors=0 AvgCollection=0ms
[SYSTEM] 2025/09/02 18:50:22.226394 PERFORMANCE_WARNING: Loop lento 4238ms
[SYSTEM] 2025/09/02 18:50:27.978628 METRICS_UPDATE: Loops=309 Success=100.0% PLCErrors=0 AvgCollection=0ms
[SYSTEM] 2025/09/02 18:50:30.301856 PERFORMANCE_WARNING: Loop lento 1114ms
[SYSTEM] 2025/09/02 18:50:33.046675 PERFORMANCE_WARNING: Loop lento 1058ms
[SYSTEM] 2025/09/02 18:50:34.060146 GRACEFUL_SHUTDOWN: Sinal interrupt recebido
[SYSTEM] 2025/09/02 18:50:34.063551 GRACEFUL_SHUTDOWN: 📊 MÉTRICAS FINAIS - Total Loops: 332 | Sucessos: 331 | PLC Erros: 0 | Uptime: 1m46s
[SYSTEM] 2025/09/02 18:50:34.063661 SYSTEM_SHUTDOWN: Uptime=1m46.085648169s, Packets=0, Errors=0
[SYSTEM] 2025/09/02 18:50:34.063681 ========== SISTEMA v3.1 THREAD-SAFE ENCERRADO ==========
[SYSTEM] 2025/09/02 18:50:35.232701 ========== LOGS v3.1 THREAD-SAFE COM TIMEOUT INTELIGENTE ==========
[SYSTEM] 2025/09/02 18:50:35.232770 ========== SISTEMA RADAR SICK v3.1 THREAD-SAFE INICIADO ==========
[SYSTEM] 2025/09/02 18:50:35.232775 Usuário: rls | Data: 2025-09-02 18:50:35 | Versão: v3.1.0
[SYSTEM] 2025/09/02 18:50:35.232778 CORREÇÕES: Race conditions ✅ Memory leaks ✅ Deadlocks ✅
[SYSTEM] 2025/09/02 18:50:36.944533 PLC_RECOVERY: Sistema PLC v3.1 restaurado
[SYSTEM] 2025/09/02 18:50:55.970346 SYSTEM_READY: Loop principal v3.1 iniciado - THREAD-SAFE
[SYSTEM] 2025/09/02 19:22:12.732692 GRACEFUL_SHUTDOWN: Sinal interrupt recebido
[SYSTEM] 2025/09/02 19:22:12.732946 SYSTEM_SHUTDOWN: Uptime=31m37.500201142s, Packets=2464, Errors=0
[SYSTEM] 2025/09/02 19:22:12.732974 ========== SISTEMA v3.1 THREAD-SAFE ENCERRADO ==========
[SYSTEM] 2025/09/02 19:22:14.153666 ========== LOGS v3.1 THREAD-SAFE COM TIMEOUT INTELIGENTE ==========
[SYSTEM] 2025/09/02 19:22:14.153817 ========== SISTEMA RADAR SICK v3.1 THREAD-SAFE INICIADO ==========
[SYSTEM] 2025/09/02 19:22:14.153823 Usuário: rls | Data: 2025-09-02 19:22:14 | Versão: v3.1.0
[SYSTEM] 2025/09/02 19:22:14.153827 CORREÇÕES: Race conditions ✅ Memory leaks ✅ Deadlocks ✅
[SYSTEM] 2025/09/02 19:22:15.862825 PLC_RECOVERY: Sistema PLC v3.1 restaurado
[SYSTEM] 2025/09/02 19:22:34.914382 SYSTEM_READY: Loop principal v3.1 iniciado - THREAD-SAFE
[SYSTEM] 2025/09/02 20:22:14.163017 LOG_ROTATION: Manutenção automática executada
[SYSTEM] 2025/09/02 20:24:42.973756 GRACEFUL_SHUTDOWN: Sinal interrupt recebido
[SYSTEM] 2025/09/02 20:24:42.973925 SYSTEM_SHUTDOWN: Uptime=1h2m28.820181247s, Packets=6902, Errors=0
[SYSTEM] 2025/09/02 20:24:42.973954 ========== SISTEMA v3.1 THREAD-SAFE ENCERRADO ==========
[SYSTEM] 2025/09/02 20:24:48.224523 ========== LOGS v3.1 THREAD-SAFE COM TIMEOUT INTELIGENTE ==========
[SYSTEM] 2025/09/02 20:24:48.224629 ========== SISTEMA RADAR SICK v3.1 THREAD-SAFE INICIADO ==========
[SYSTEM] 2025/09/02 20:24:48.224636 Usuário: rls | Data: 2025-09-02 20:24:48 | Versão: v3.1.0
[SYSTEM] 2025/09/02 20:24:48.224640 CORREÇÕES: Race conditions ✅ Memory leaks ✅ Deadlocks ✅
[SYSTEM] 2025/09/02 20:24:49.932712 PLC_RECOVERY: Sistema PLC v3.1 restaurado
[SYSTEM] 2025/09/02 20:24:51.932908 SYSTEM_READY: Loop principal v3.1 iniciado - THREAD-SAFE
[SYSTEM] 2025/09/02 20:31:46.804536 GRACEFUL_SHUTDOWN: Sinal interrupt recebido
[SYSTEM] 2025/09/02 20:31:46.804908 SYSTEM_SHUTDOWN: Uptime=6m58.580337022s, Packets=1396, Errors=0
[SYSTEM] 2025/09/02 20:31:46.804975 ========== SISTEMA v3.1 THREAD-SAFE ENCERRADO ==========
[SYSTEM] 2025/09/02 20:31:52.661378 ========== LOGS v3.1 THREAD-SAFE COM TIMEOUT INTELIGENTE ==========
[SYSTEM] 2025/09/02 20:31:52.661510 ========== SISTEMA RADAR SICK v3.1 THREAD-SAFE INICIADO ==========
[SYSTEM] 2025/09/02 20:31:52.661515 Usuário: rls | Data: 2025-09-02 20:31:52 | Versão: v3.1.0
[SYSTEM] 2025/09/02 20:31:52.661519 CORREÇÕES: Race conditions ✅ Memory leaks ✅ Deadlocks ✅
[SYSTEM] 2025/09/02 20:31:54.369702 PLC_RECOVERY: Sistema PLC v3.1 restaurado
[SYSTEM] 2025/09/02 20:32:13.410332 SYSTEM_READY: Loop principal v3.1 iniciado - THREAD-SAFE
[SYSTEM] 2025/09/02 21:05:22.372999 GRACEFUL_SHUTDOWN: Sinal interrupt recebido
[SYSTEM] 2025/09/02 21:05:22.373238 SYSTEM_SHUTDOWN: Uptime=33m29.711778054s, Packets=8366, Errors=0
[SYSTEM] 2025/09/02 21:05:22.373266 ========== SISTEMA v3.1 THREAD-SAFE ENCERRADO ==========
[SYSTEM] 2025/09/02 21:05:24.022865 ========== LOGS v3.1 THREAD-SAFE COM TIMEOUT INTELIGENTE ==========
[SYSTEM] 2025/09/02 21:05:24.022967 ========== SISTEMA RADAR SICK v3.1 THREAD-SAFE INICIADO ==========
[SYSTEM] 2025/09/02 21:05:24.022972 Usuário: rls | Data: 2025-09-02 21:05:24 | Versão: v3.1.0
[SYSTEM] 2025/09/02 21:05:24.022976 CORREÇÕES: Race conditions ✅ Memory leaks ✅ Deadlocks ✅
[SYSTEM] 2025/09/02 21:05:25.733838 PLC_RECOVERY: Sistema PLC v3.1 restaurado
[SYSTEM] 2025/09/02 21:05:28.038231 SYSTEM_READY: Loop principal v3.1 iniciado - THREAD-SAFE
[SYSTEM] 2025/09/02 21:11:51.668168 GRACEFUL_SHUTDOWN: Sinal interrupt recebido
[SYSTEM] 2025/09/02 21:11:51.668335 SYSTEM_SHUTDOWN: Uptime=6m27.645421475s, Packets=1732, Errors=0
[SYSTEM] 2025/09/02 21:11:51.668365 ========== SISTEMA v3.1 THREAD-SAFE ENCERRADO ==========
[SYSTEM] 2025/09/02 21:11:52.908810 ========== LOGS v3.1 THREAD-SAFE COM TIMEOUT INTELIGENTE ==========
[SYSTEM] 2025/09/02 21:11:52.908886 ========== SISTEMA RADAR SICK v3.1 THREAD-SAFE INICIADO ==========
[SYSTEM] 2025/09/02 21:11:52.908898 Usuário: rls | Data: 2025-09-02 21:11:52 | Versão: v3.1.0
[SYSTEM] 2025/09/02 21:11:52.908901 CORREÇÕES: Race conditions ✅ Memory leaks ✅ Deadlocks ✅
[SYSTEM] 2025/09/02 21:11:54.618679 PLC_RECOVERY: Sistema PLC v3.1 restaurado
[SYSTEM] 2025/09/02 21:11:56.922745 SYSTEM_READY: Loop principal v3.1 iniciado - THREAD-SAFE
[SYSTEM] 2025/09/02 21:18:35.884502 GRACEFUL_SHUTDOWN: Sinal interrupt recebido
[SYSTEM] 2025/09/02 21:18:35.884662 SYSTEM_SHUTDOWN: Uptime=6m42.975800848s, Packets=1813, Errors=0
[SYSTEM] 2025/09/02 21:18:35.884691 ========== SISTEMA v3.1 THREAD-SAFE ENCERRADO ==========
[SYSTEM] 2025/09/02 21:18:37.248108 ========== LOGS v3.2 OTIMIZADOS ==========
[SYSTEM] 2025/09/02 21:18:37.248188 ========== SISTEMA RADAR SICK v3.2 THREAD-SAFE INICIADO ==========
[SYSTEM] 2025/09/02 21:18:37.248216 Usuário: rls | Data: 2025-09-02 21:18:37 | Versão: v3.2.0
[SYSTEM] 2025/09/02 21:18:37.248220 OTIMIZAÇÕES: Métricas lixo removidas ✅ Thread-safe ✅ Memory leak prevention ✅
[SYSTEM] 2025/09/02 21:18:38.957572 PLC_RECOVERY: Sistema PLC v3.2 restaurado
[SYSTEM] 2025/09/02 21:18:41.261706 SYSTEM_READY: Loop principal v3.2 iniciado - THREAD-SAFE
[SYSTEM] 2025/09/02 22:18:37.250207 LOG_ROTATION: Manutenção automática executada
[SYSTEM] 2025/09/02 23:18:37.250230 LOG_ROTATION: Manutenção automática executada
[SYSTEM] 2025/09/03 00:18:37.249584 LOG_ROTATION: Manutenção automática executada
[SYSTEM] 2025/09/03 01:18:37.250079 LOG_ROTATION: Manutenção automática executada
[SYSTEM] 2025/09/03 02:18:37.250164 LOG_ROTATION: Manutenção automática executada
[SYSTEM] 2025/09/03 03:18:37.250145 LOG_ROTATION: Manutenção automática executada
[SYSTEM] 2025/09/03 04:18:37.249891 LOG_ROTATION: Manutenção automática executada
[SYSTEM] 2025/09/03 05:18:37.250394 LOG_ROTATION: Manutenção automática executada
[SYSTEM] 2025/09/03 06:18:37.249901 LOG_ROTATION: Manutenção automática executada
[SYSTEM] 2025/09/03 07:18:37.250207 LOG_ROTATION: Manutenção automática executada
[SYSTEM] 2025/09/03 08:18:37.250493 LOG_ROTATION: Manutenção automática executada
[SYSTEM] 2025/09/03 08:21:53.584823 GRACEFUL_SHUTDOWN: Sinal interrupt recebido
[SYSTEM] 2025/09/03 08:21:53.584988 SYSTEM_SHUTDOWN: Uptime=11h3m16.336829283s
[SYSTEM] 2025/09/03 08:21:53.585012 ========== SISTEMA v3.2 OTIMIZADO ENCERRADO ==========
