[INFO]  2025/09/04 08:49:01 SYSTEM_STARTED: version=4.0 user=rls
[INFO]  2025/09/04 08:49:08 SYSTEM_SHUTDOWN: uptime=7.183853269s
[INFO]  2025/09/04 08:49:34 SYSTEM_STARTED: version=4.0 user=rls
[INFO]  2025/09/04 09:07:32 SYSTEM_SHUTDOWN: uptime=17m58.273176338s
[INFO]  2025/09/04 09:07:32 LOG_ROTATION_COMPLETED: timestamp=2025-09-04T09:07:32Z
[INFO]  2025/09/04 09:07:32 SYSTEM_SHUTDOWN: uptime=17m58.273248719s
[INFO]  2025/09/04 09:07:52 SYSTEM_STARTED: version=4.0 user=rls
[INFO]  2025/09/04 09:18:35 SYSTEM_SHUTDOWN: uptime=10m43.074747241s
[INFO]  2025/09/04 09:18:35 SYSTEM_SHUTDOWN: uptime=10m43.074833731s
[INFO]  2025/09/04 09:18:37 SYSTEM_STARTED: version=4.0 user=rls
[INFO]  2025/09/04 09:29:30 SYSTEM_SHUTDOWN: uptime=10m53.094913717s
[INFO]  2025/09/04 09:29:30 SYSTEM_SHUTDOWN: uptime=10m53.095021586s
[INFO]  2025/09/04 09:29:31 SYSTEM_STARTED: version=4.0 user=rls
[INFO]  2025/09/04 09:51:24 PLC_RECONNECTED: downtime=2.6272592s
[INFO]  2025/09/04 09:51:32 RADAR_RECONNECTED: Radar Caldeira (caldeira) downtime=7.375321557s
[INFO]  2025/09/04 09:57:51 RADAR_RECONNECTED: Radar Caldeira (caldeira) downtime=4m52.191354731s
[INFO]  2025/09/04 12:55:48 RADAR_RECONNECTED: Radar Caldeira (caldeira) downtime=21.999628766s
[INFO]  2025/09/04 14:06:46 SYSTEM_SHUTDOWN: uptime=4h37m14.511844091s
[INFO]  2025/09/04 14:06:46 SYSTEM_SHUTDOWN: uptime=4h37m14.511927177s
[INFO]  2025/09/04 14:06:46 SYSTEM_STARTED: version=4.0 user=rls
[INFO]  2025/09/04 14:14:15 PLC_RECONNECTED: downtime=2.94432914s
[INFO]  2025/09/04 14:14:27 RADAR_RECONNECTED: Radar Caldeira (caldeira) downtime=10.574907573s
[INFO]  2025/09/04 14:15:54 SYSTEM_SHUTDOWN: uptime=9m7.847423719s
[INFO]  2025/09/04 14:15:54 SYSTEM_SHUTDOWN: uptime=9m7.847536882s
[INFO]  2025/09/04 14:15:56 SYSTEM_STARTED: version=4.0 user=rls
[INFO]  2025/09/04 14:20:08 SYSTEM_SHUTDOWN: uptime=4m12.503109656s
[INFO]  2025/09/04 14:20:08 SYSTEM_SHUTDOWN: uptime=4m12.503165151s
[INFO]  2025/09/04 14:20:20 SYSTEM_STARTED: version=4.0 user=rls
[INFO]  2025/09/04 14:23:18 SYSTEM_SHUTDOWN: uptime=2m58.906650494s
[INFO]  2025/09/04 14:23:20 SYSTEM_STARTED: version=4.0 user=rls
[INFO]  2025/09/04 14:36:26 SYSTEM_SHUTDOWN: uptime=13m6.400913683s
[INFO]  2025/09/04 14:36:26 SYSTEM_SHUTDOWN: uptime=13m6.400982524s
[INFO]  2025/09/04 14:36:29 SYSTEM_STARTED: version=4.0 user=rls
[INFO]  2025/09/04 14:39:09 CONFIG_CHANGE: component=PLC_MANAGER change=PLC desconectado (write tcp 192.168.1.92:53324->192.168.1.33:102: write: broken pipe) - tentando reconectar
[INFO]  2025/09/04 14:39:12 CONFIG_CHANGE: component=PLC_MANAGER change=PLC reconectado após 3s - 2 tentativas
[INFO]  2025/09/04 14:39:13 PLC_RECONNECTED: downtime=3.836707131s
[INFO]  2025/09/04 15:09:17 SYSTEM_SHUTDOWN: uptime=32m48.264869965s
[INFO]  2025/09/04 15:09:17 SYSTEM_SHUTDOWN: uptime=32m48.264929666s
[INFO]  2025/09/04 15:09:19 SYSTEM_STARTED: version=4.0 user=rls
[INFO]  2025/09/04 15:13:54 CONFIG_CHANGE: component=PLC_MANAGER change=PLC desconectado (write tcp 192.168.1.92:35998->192.168.1.33:102: write: broken pipe) - tentando reconectar
[INFO]  2025/09/04 15:13:56 CONFIG_CHANGE: component=PLC_MANAGER change=PLC reconectado após 2s - 2 tentativas
[INFO]  2025/09/04 15:13:56 PLC_RECONNECTED: downtime=2.745600047s
[INFO]  2025/09/04 15:14:08 RADAR_RECONNECTED: Radar Caldeira (caldeira) downtime=9.567292005s
[INFO]  2025/09/04 20:36:11 SYSTEM_SHUTDOWN: uptime=5h26m52.52268086s
[INFO]  2025/09/04 20:36:11 LOG_ROTATION_COMPLETED: timestamp=2025-09-04T20:36:11Z
[INFO]  2025/09/04 20:36:11 SYSTEM_SHUTDOWN: uptime=5h26m52.52277827s
[INFO]  2025/09/04 20:37:15 SYSTEM_STARTED: version=4.0 user=rls
[INFO]  2025/09/04 20:43:39 SYSTEM_SHUTDOWN: uptime=6m23.907613111s
[INFO]  2025/09/04 20:43:39 SYSTEM_SHUTDOWN: uptime=6m23.907775269s
[INFO]  2025/09/04 20:43:39 LOG_ROTATION_COMPLETED: timestamp=2025-09-04T20:43:39Z
[INFO]  2025/09/04 20:43:39 LOGGER_SHUTDOWN: timestamp=2025-09-04T20:43:39Z
[INFO]  2025/09/04 20:44:43 SYSTEM_STARTED: version=4.0 user=rls
[INFO]  2025/09/05 08:04:59 CONFIG_CHANGE: component=PLC_MANAGER change=PLC desconectado (write tcp 192.168.1.92:48712->192.168.1.33:102: write: broken pipe) - tentando reconectar
[INFO]  2025/09/05 08:05:02 CONFIG_CHANGE: component=PLC_MANAGER change=PLC reconectado após 2s - 2 tentativas
[INFO]  2025/09/05 08:05:03 PLC_RECONNECTED: downtime=3.451277334s
[INFO]  2025/09/05 08:10:45 SYSTEM_SHUTDOWN: uptime=11h26m1.497228176s
[INFO]  2025/09/05 08:10:45 SYSTEM_SHUTDOWN: uptime=11h26m1.4972543s
