[SYSTEM] 2025/09/03 08:21:55.082158 ========== LOGS v3.2 OTIMIZADOS ==========
[SYSTEM] 2025/09/03 08:21:55.082276 ========== SISTEMA RADAR SICK v3.2 THREAD-SAFE INICIADO ==========
[SYSTEM] 2025/09/03 08:21:55.082281 Usuário: rls | Data: 2025-09-03 08:21:55 | Versão: v3.2.0
[SYSTEM] 2025/09/03 08:21:55.082283 OTIMIZAÇÕES: Métricas lixo removidas ✅ Thread-safe ✅ Memory leak prevention ✅
[SYSTEM] 2025/09/03 08:21:56.792234 PLC_RECOVERY: Sistema PLC v3.2 restaurado
[SYSTEM] 2025/09/03 08:21:59.095797 SYSTEM_READY: Loop principal v3.2 iniciado - THREAD-SAFE
[SYSTEM] 2025/09/03 08:23:22.249151 GRACEFUL_SHUTDOWN: Sinal interrupt recebido
[SYSTEM] 2025/09/03 08:23:22.249309 SYSTEM_SHUTDOWN: Uptime=1m27.167093594s
[SYSTEM] 2025/09/03 08:23:22.249334 ========== SISTEMA v3.2 OTIMIZADO ENCERRADO ==========
[SYSTEM] 2025/09/03 08:23:23.386117 ========== LOGS v3.2 OTIMIZADOS ==========
[SYSTEM] 2025/09/03 08:23:23.386202 ========== SISTEMA RADAR SICK v3.2 THREAD-SAFE INICIADO ==========
[SYSTEM] 2025/09/03 08:23:23.386207 Usuário: rls | Data: 2025-09-03 08:23:23 | Versão: v3.2.0
[SYSTEM] 2025/09/03 08:23:23.386211 OTIMIZAÇÕES: Métricas lixo removidas ✅ Thread-safe ✅ Memory leak prevention ✅
[SYSTEM] 2025/09/03 08:23:25.095082 PLC_RECOVERY: Sistema PLC v3.2 restaurado
[SYSTEM] 2025/09/03 08:23:27.399662 SYSTEM_READY: Loop principal v3.2 iniciado - THREAD-SAFE
[INFO]  2025/09/03 20:03:41 SYSTEM_STARTED: version=4.0 user=rls
[INFO]  2025/09/03 20:50:38 SYSTEM_SHUTDOWN: uptime=46m57.232814164s
[INFO]  2025/09/03 20:50:38 SYSTEM_SHUTDOWN: uptime=46m57.232842376s
[INFO]  2025/09/03 20:50:40 SYSTEM_STARTED: version=4.0 user=rls
[INFO]  2025/09/04 08:48:59 SYSTEM_SHUTDOWN: uptime=11h58m19.77026493s
[INFO]  2025/09/04 08:48:59 SYSTEM_SHUTDOWN: uptime=11h58m19.770319378s
