[NETWORK] 2025/09/02 08:48:31.844181 ========== LOG DE REDE ==========
[NETWORK] 2025/09/02 08:48:35.857884 RADAR_ONLINE: Radar Caldeira 192.168.1.84:2111
[NETWORK] 2025/09/02 09:04:31.557070 SHUTDOWN: Erros de rede=0
[NETWORK] 2025/09/02 09:04:32.850038 ========== PROBLEMAS DE REDE ==========
[NETWORK] 2025/09/02 09:58:17.433943 ========== PROBLEMAS DE REDE ==========
[NETWORK] 2025/09/02 10:52:43.868748 ========== PROBLEMAS DE REDE ==========
[NETWORK] 2025/09/02 12:06:05.292234 ========== PROBLEMAS DE REDE ==========
[NETWORK] 2025/09/02 12:24:36.866502 ========== PROBLEMAS DE REDE ==========
[NETWORK] 2025/09/02 12:47:38.988448 ========== PROBLEMAS DE REDE ==========
[NETWORK] 2025/09/02 12:55:57.277695 ========== PROBLEMAS DE REDE ==========
[NETWORK] 2025/09/02 13:04:42.021373 ========== PROBLEMAS DE REDE ==========
[NETWORK] 2025/09/02 13:43:05.814384 ========== PROBLEMAS DE REDE ==========
[NETWORK] 2025/09/02 13:51:20.543092 ========== PROBLEMAS DE REDE ==========
[NETWORK] 2025/09/02 14:03:53.725191 ========== PROBLEMAS DE REDE ==========
[NETWORK] 2025/09/02 14:04:35.331359 ========== PROBLEMAS DE REDE ==========
[NETWORK] 2025/09/02 14:08:01.125552 ========== PROBLEMAS DE REDE ==========
[NETWORK] 2025/09/02 14:21:43.232502 ========== PROBLEMAS DE REDE ==========
[NETWORK] 2025/09/02 14:26:15.055784 ========== PROBLEMAS DE REDE ==========
[NETWORK] 2025/09/02 14:33:24.004473 ========== PROBLEMAS DE REDE ==========
[NETWORK] 2025/09/02 14:40:57.436001 ========== PROBLEMAS DE REDE ==========
[NETWORK] 2025/09/02 14:41:14.413536 ========== PROBLEMAS DE REDE ==========
[NETWORK] 2025/09/02 15:35:28.451078 RADAR_UNREACHABLE: Radar Caldeira 192.168.1.84:2111
[NETWORK] 2025/09/02 15:35:28.451082 DIAGNOSIS: Radar Caldeira offline - verificar switch porta
