[ERROR] 2025/09/02 08:48:31.844177 ========== LOG DE ERROS ==========
[ERROR] 2025/09/02 09:04:31.557017 SHUTDOWN: Total erros=0, Erros rede=0
[ERROR] 2025/09/02 09:04:32.850035 ========== FALHAS DO SISTEMA ==========
[ERROR] 2025/09/02 09:58:17.433939 ========== FALHAS DO SISTEMA ==========
[ERROR] 2025/09/02 10:52:43.868745 ========== FALHAS DO SISTEMA ==========
[ERROR] 2025/09/02 12:06:05.292230 ========== FALHAS DO SISTEMA ==========
[ERROR] 2025/09/02 12:24:36.866498 ========== FALHAS DO SISTEMA ==========
[ERROR] 2025/09/02 12:47:38.988445 ========== FALHAS DO SISTEMA ==========
[ERROR] 2025/09/02 12:55:57.277691 ========== FALHAS DO SISTEMA ==========
[ERROR] 2025/09/02 13:04:42.021369 ========== FALHAS DO SISTEMA ==========
[ERROR] 2025/09/02 13:43:05.814381 ========== FALHAS DO SISTEMA ==========
[ERROR] 2025/09/02 13:51:20.543089 ========== FALHAS DO SISTEMA ==========
[ERROR] 2025/09/02 14:03:53.725187 ========== FALHAS DO SISTEMA ==========
[ERROR] 2025/09/02 14:04:35.331356 ========== FALHAS DO SISTEMA ==========
[ERROR] 2025/09/02 14:08:01.125548 ========== FALHAS DO SISTEMA ==========
[ERROR] 2025/09/02 14:21:43.232499 ========== FALHAS DO SISTEMA ==========
[ERROR] 2025/09/02 14:26:15.055781 ========== FALHAS DO SISTEMA ==========
[ERROR] 2025/09/02 14:33:24.004470 ========== FALHAS DO SISTEMA ==========
[ERROR] 2025/09/02 14:40:57.435998 ========== FALHAS DO SISTEMA ==========
[ERROR] 2025/09/02 14:41:14.413532 ========== FALHAS DO SISTEMA ==========
[ERROR] 2025/09/02 15:35:28.451072 RADAR_CONNECTION_LOST: Radar Caldeira - verificar rede
[ERROR] 2025/09/02 15:39:21.581633 RADAR_CONNECTION_LOST: Radar Caldeira - verificar rede
[ERROR] 2025/09/02 15:41:17.744090 RADAR_CONNECTION_LOST: Radar Caldeira - verificar rede
[ERROR] 2025/09/02 15:54:32.381688 ========== FALHAS DO SISTEMA v3.0 ==========
[ERROR] 2025/09/02 15:54:44.450137 RADAR_INITIAL_CONNECTION_FAILED: Radar Porta Montante - falha ao conectar após 2 tentativas
[ERROR] 2025/09/02 15:54:53.090244 RADAR_INITIAL_CONNECTION_FAILED: Radar Porta Jusante - falha ao conectar após 2 tentativas
[ERROR] 2025/09/02 15:54:58.987853 RADAR_CONNECTION_LOST: Radar Porta Jusante - verificar rede
[ERROR] 2025/09/02 15:54:58.987915 RADAR_CONNECTION_LOST: Radar Porta Montante - verificar rede
[ERROR] 2025/09/02 16:13:19.675114 ========== FALHAS DO SISTEMA v3.0 ==========
[ERROR] 2025/09/02 16:13:28.455557 RADAR_CONNECTION_LOST: Radar Porta Jusante - verificar rede
[ERROR] 2025/09/02 16:13:28.455644 RADAR_CONNECTION_LOST: Radar Porta Montante - verificar rede
[ERROR] 2025/09/02 16:13:28.455695 RADAR_CONNECTION_LOST: Radar Caldeira - verificar rede
[ERROR] 2025/09/02 16:28:09.200846 ========== FALHAS DO SISTEMA v3.1 ==========
[ERROR] 2025/09/02 16:28:21.602091 RADAR_INITIAL_CONNECTION_FAILED: Radar Porta Jusante - falha ao conectar após 2 tentativas
[ERROR] 2025/09/02 16:28:29.986271 RADAR_INITIAL_CONNECTION_FAILED: Radar Porta Montante - falha ao conectar após 2 tentativas
[ERROR] 2025/09/02 16:28:35.875739 RADAR_CONNECTION_LOST: Radar Porta Jusante - verificar rede
[ERROR] 2025/09/02 16:28:35.875804 RADAR_CONNECTION_LOST: Radar Porta Montante - verificar rede
[ERROR] 2025/09/02 16:54:11.611820 ========== FALHAS DO SISTEMA v3.1 ==========
[ERROR] 2025/09/02 16:54:20.417307 RADAR_CONNECTION_LOST: Radar Caldeira - verificar rede
[ERROR] 2025/09/02 16:54:20.417401 RADAR_CONNECTION_LOST: Radar Porta Jusante - verificar rede
[ERROR] 2025/09/02 16:54:20.417436 RADAR_CONNECTION_LOST: Radar Porta Montante - verificar rede
[ERROR] 2025/09/02 18:47:52.353631 ========== FALHAS DO SISTEMA v3.1 ==========
[ERROR] 2025/09/02 18:47:55.618393 PLC_INITIAL_CONNECTION_FAILED: erro ao conectar ao PLC: dial tcp 192.168.1.7:102: connect: no route to host
[ERROR] 2025/09/02 18:47:55.618984 RADAR_CONNECTION_LOST: Radar Caldeira - verificar rede
[ERROR] 2025/09/02 18:47:55.619044 RADAR_CONNECTION_LOST: Radar Porta Jusante - verificar rede
[ERROR] 2025/09/02 18:47:55.619089 RADAR_CONNECTION_LOST: Radar Porta Montante - verificar rede
[ERROR] 2025/09/02 18:47:59.074310 PLC_CONNECTION_FAILED: Tentativa 1 - erro ao conectar ao PLC: dial tcp 192.168.1.7:102: connect: no route to host
[ERROR] 2025/09/02 18:48:23.010299 RADAR_INITIAL_FAIL: porta_jusante - falha ao conectar após 3 tentativas
[ERROR] 2025/09/02 18:48:23.010366 RADAR_INITIAL_FAIL: porta_montante - falha ao conectar após 3 tentativas
[ERROR] 2025/09/02 18:48:47.978001 ========== FALHAS DO SISTEMA v3.1 ==========
[ERROR] 2025/09/02 18:48:51.362840 RADAR_CONNECTION_LOST: Radar Porta Jusante - verificar rede
[ERROR] 2025/09/02 18:48:51.362931 RADAR_CONNECTION_LOST: Radar Porta Montante - verificar rede
[ERROR] 2025/09/02 18:48:51.362970 RADAR_CONNECTION_LOST: Radar Caldeira - verificar rede
[ERROR] 2025/09/02 18:49:15.554298 RADAR_INITIAL_FAIL: porta_jusante - falha ao conectar após 3 tentativas
[ERROR] 2025/09/02 18:49:15.554383 RADAR_INITIAL_FAIL: porta_montante - falha ao conectar após 3 tentativas
[ERROR] 2025/09/02 18:50:34.063581 PLC_WRITE_ERROR: erro ao escrever dados dos radares: erro ao escrever dados Porta Jusante: erro ao escrever Velocity[1]: Connection to address 192.168.1.33:102 is null
[ERROR] 2025/09/02 18:50:35.232731 ========== FALHAS DO SISTEMA v3.1 ==========
[ERROR] 2025/09/02 18:50:47.586315 RADAR_INITIAL_CONNECTION_FAILED: Radar Porta Jusante - falha ao conectar após 2 tentativas
[ERROR] 2025/09/02 18:50:55.970259 RADAR_INITIAL_CONNECTION_FAILED: Radar Porta Montante - falha ao conectar após 2 tentativas
[ERROR] 2025/09/02 18:51:01.108715 RADAR_CONNECTION_LOST: Radar Porta Jusante - verificar rede
[ERROR] 2025/09/02 18:51:01.108763 RADAR_CONNECTION_LOST: Radar Porta Montante - verificar rede
[ERROR] 2025/09/02 19:22:14.153728 ========== FALHAS DO SISTEMA v3.1 ==========
[ERROR] 2025/09/02 19:22:26.530229 RADAR_INITIAL_CONNECTION_FAILED: Radar Porta Jusante - falha ao conectar após 2 tentativas
[ERROR] 2025/09/02 19:22:34.914299 RADAR_INITIAL_CONNECTION_FAILED: Radar Porta Montante - falha ao conectar após 2 tentativas
[ERROR] 2025/09/02 19:22:40.028188 RADAR_CONNECTION_LOST: Radar Porta Montante - verificar rede
[ERROR] 2025/09/02 19:22:40.028256 RADAR_CONNECTION_LOST: Radar Porta Jusante - verificar rede
[ERROR] 2025/09/02 20:24:48.224558 ========== FALHAS DO SISTEMA v3.1 ==========
[ERROR] 2025/09/02 20:24:57.035781 RADAR_CONNECTION_LOST: Radar Porta Jusante - verificar rede
[ERROR] 2025/09/02 20:24:57.035840 RADAR_CONNECTION_LOST: Radar Porta Montante - verificar rede
[ERROR] 2025/09/02 20:24:57.035907 RADAR_CONNECTION_LOST: Radar Caldeira - verificar rede
[ERROR] 2025/09/02 20:31:52.661432 ========== FALHAS DO SISTEMA v3.1 ==========
[ERROR] 2025/09/02 20:32:05.026324 RADAR_INITIAL_CONNECTION_FAILED: Radar Porta Jusante - falha ao conectar após 2 tentativas
[ERROR] 2025/09/02 20:32:13.410253 RADAR_INITIAL_CONNECTION_FAILED: Radar Porta Montante - falha ao conectar após 2 tentativas
[ERROR] 2025/09/02 20:32:18.514110 RADAR_CONNECTION_LOST: Radar Porta Jusante - verificar rede
[ERROR] 2025/09/02 20:32:18.514156 RADAR_CONNECTION_LOST: Radar Porta Montante - verificar rede
[ERROR] 2025/09/02 21:05:24.022901 ========== FALHAS DO SISTEMA v3.1 ==========
[ERROR] 2025/09/02 21:11:52.908847 ========== FALHAS DO SISTEMA v3.1 ==========
[ERROR] 2025/09/02 21:18:37.248146 ========== FALHAS DO SISTEMA v3.2 ==========
