2025/08/31 22:15:37.668633 [INFO] RADAR_SETUP: Radar Radar Caldeira configurado: 192.168.1.84:2111
2025/08/31 22:15:37.672615 [INFO] RADAR_SETUP: Radar Radar Porta Jusante configurado: 192.168.1.85:2111
2025/08/31 22:15:37.676386 [INFO] RADAR_SETUP: Radar Radar Porta Montante configurado: 192.168.1.86:2111
2025/08/31 22:15:37.679992 [CRITICAL] SISTEMA INICIADO: PLC Controller Ultra-Robusto inicializado com integração radar
2025/08/31 22:15:37.683832 [CRITICAL] STARTUP: Iniciando sistema ultra-robusto para produção 24/7
2025/08/31 22:15:37.687560 [CRITICAL] STARTUP: Todos os sistemas iniciados - Operação 24/7 com reconexão automática
2025/08/31 22:15:37.691485 [INFO] RADAR_INIT: Iniciando conexão inicial com radares...
2025/08/31 22:15:38.213864 [INFO] RADAR_ENABLE: Radar porta_jusante DESABILITADO
2025/08/31 22:15:38.217946 [INFO] RADAR_ENABLE: Radar porta_montante DESABILITADO
2025/08/31 22:15:38.687748 [CRITICAL] SYSTEM_HEALTH: Sistema não saudável: PLC=false, radares=0/3, emergência=false, erros=0
2025/08/31 22:15:39.687799 [CRITICAL] SYSTEM_HEALTH: Sistema não saudável: PLC=false, radares=0/3, emergência=false, erros=0
2025/08/31 22:15:40.687958 [CRITICAL] SYSTEM_HEALTH: Sistema não saudável: PLC=false, radares=0/3, emergência=false, erros=0
2025/08/31 22:15:40.937260 [INFO] RADAR_STATUS: Radar caldeira: CONECTADO
2025/08/31 22:15:40.941418 [INFO] WEBSOCKET: WebSocket RODANDO
2025/08/31 22:15:41.688647 [CRITICAL] SYSTEM_HEALTH: Sistema não saudável: PLC=false, radares=1/3, emergência=false, erros=0
2025/08/31 22:15:42.688349 [CRITICAL] SYSTEM_HEALTH: Sistema não saudável: PLC=false, radares=1/3, emergência=false, erros=0
2025/08/31 22:15:42.692382 [INFO] RADAR_STATS: caldeira: packets=9, errors=0, fails=0, connected=true, enabled=true, last_seen=0s
2025/08/31 22:15:43.744853 [CRITICAL] PLC_RECONNECT: Conexão PLC RESTAURADA após 0 falhas
2025/08/31 22:15:47.688841 [INFO] RADAR_STATS: caldeira: packets=34, errors=0, fails=0, connected=true, enabled=true, last_seen=0s
2025/08/31 22:15:47.692608 [INFO] RADAR_STATS: porta_jusante: packets=0, errors=0, fails=1, connected=false, enabled=false, last_seen=10s
2025/08/31 22:15:47.696713 [INFO] RADAR_STATS: porta_montante: packets=0, errors=0, fails=1, connected=false, enabled=false, last_seen=10s
2025/08/31 22:15:49.089838 [ERROR] RADAR_INIT.porta_jusante: falha ao conectar após 3 tentativas
2025/08/31 22:15:49.093204 [ERROR] RADAR_INIT.porta_montante: falha ao conectar após 3 tentativas
2025/08/31 22:15:49.096238 [INFO] RADAR_INIT: Conexão inicial com radares concluída
2025/08/31 22:15:52.687969 [INFO] RADAR_STATS: caldeira: packets=59, errors=0, fails=0, connected=true, enabled=true, last_seen=0s
2025/08/31 22:15:52.691846 [INFO] RADAR_STATS: porta_jusante: packets=0, errors=0, fails=2, connected=false, enabled=false, last_seen=15s
2025/08/31 22:15:52.695860 [INFO] RADAR_STATS: porta_montante: packets=0, errors=0, fails=2, connected=false, enabled=false, last_seen=15s
2025/08/31 22:15:57.688474 [INFO] RADAR_STATS: caldeira: packets=84, errors=0, fails=0, connected=true, enabled=true, last_seen=0s
2025/08/31 22:15:57.692437 [INFO] RADAR_STATS: porta_jusante: packets=0, errors=0, fails=3, connected=false, enabled=false, last_seen=20s
2025/08/31 22:15:57.696171 [INFO] RADAR_STATS: porta_montante: packets=0, errors=0, fails=3, connected=false, enabled=false, last_seen=20s
2025/08/31 22:16:02.688173 [INFO] RADAR_STATS: caldeira: packets=105, errors=0, fails=0, connected=true, enabled=true, last_seen=0s
2025/08/31 22:16:02.692281 [INFO] RADAR_STATS: porta_jusante: packets=0, errors=0, fails=4, connected=false, enabled=false, last_seen=25s
2025/08/31 22:16:02.696473 [INFO] RADAR_STATS: porta_montante: packets=0, errors=0, fails=4, connected=false, enabled=false, last_seen=25s
2025/08/31 22:16:07.688694 [INFO] RADAR_STATS: porta_montante: packets=0, errors=0, fails=5, connected=false, enabled=false, last_seen=30s
2025/08/31 22:16:07.692695 [INFO] RADAR_STATS: caldeira: packets=131, errors=0, fails=0, connected=true, enabled=true, last_seen=0s
2025/08/31 22:16:07.696701 [INFO] RADAR_STATS: porta_jusante: packets=0, errors=0, fails=5, connected=false, enabled=false, last_seen=30s
2025/08/31 22:16:12.688745 [INFO] RADAR_STATS: caldeira: packets=159, errors=0, fails=0, connected=true, enabled=true, last_seen=0s
2025/08/31 22:16:12.692713 [INFO] RADAR_STATS: porta_jusante: packets=0, errors=0, fails=6, connected=false, enabled=false, last_seen=35s
2025/08/31 22:16:12.696855 [INFO] RADAR_STATS: porta_montante: packets=0, errors=0, fails=6, connected=false, enabled=false, last_seen=35s
2025/08/31 22:16:17.688408 [INFO] RADAR_STATS: caldeira: packets=184, errors=0, fails=0, connected=true, enabled=true, last_seen=0s
2025/08/31 22:16:17.692401 [INFO] RADAR_STATS: porta_jusante: packets=0, errors=0, fails=7, connected=false, enabled=false, last_seen=40s
2025/08/31 22:16:17.696640 [INFO] RADAR_STATS: porta_montante: packets=0, errors=0, fails=7, connected=false, enabled=false, last_seen=40s
2025/08/31 22:16:22.687830 [INFO] RADAR_STATS: porta_montante: packets=0, errors=0, fails=8, connected=false, enabled=false, last_seen=45s
2025/08/31 22:16:22.691809 [INFO] RADAR_STATS: caldeira: packets=209, errors=0, fails=0, connected=true, enabled=true, last_seen=0s
2025/08/31 22:16:22.695633 [INFO] RADAR_STATS: porta_jusante: packets=0, errors=0, fails=8, connected=false, enabled=false, last_seen=45s
2025/08/31 22:16:27.688016 [INFO] RADAR_STATS: caldeira: packets=234, errors=0, fails=0, connected=true, enabled=true, last_seen=0s
2025/08/31 22:16:27.691953 [INFO] RADAR_STATS: porta_jusante: packets=0, errors=0, fails=9, connected=false, enabled=false, last_seen=50s
2025/08/31 22:16:27.696047 [INFO] RADAR_STATS: porta_montante: packets=0, errors=0, fails=9, connected=false, enabled=false, last_seen=50s
2025/08/31 22:16:32.688815 [INFO] RADAR_STATS: caldeira: packets=259, errors=0, fails=0, connected=true, enabled=true, last_seen=0s
2025/08/31 22:16:32.692633 [INFO] RADAR_STATS: porta_jusante: packets=0, errors=0, fails=10, connected=false, enabled=false, last_seen=55s
2025/08/31 22:16:32.696669 [INFO] RADAR_STATS: porta_montante: packets=0, errors=0, fails=10, connected=false, enabled=false, last_seen=55s
2025/08/31 22:16:32.735405 [CRITICAL] RADAR_CRITICAL: Radar porta_jusante: 11 falhas consecutivas
2025/08/31 22:16:32.739186 [CRITICAL] RADAR_CRITICAL: Radar porta_montante: 11 falhas consecutivas
2025/08/31 22:16:37.687726 [INFO] RADAR_STATS: caldeira: packets=284, errors=0, fails=0, connected=true, enabled=true, last_seen=0s
2025/08/31 22:16:37.692027 [INFO] RADAR_STATS: porta_jusante: packets=0, errors=0, fails=11, connected=false, enabled=false, last_seen=60s
2025/08/31 22:16:37.695947 [INFO] RADAR_STATS: porta_montante: packets=0, errors=0, fails=11, connected=false, enabled=false, last_seen=60s
2025/08/31 22:16:37.724706 [CRITICAL] RADAR_CRITICAL: Radar porta_jusante: 12 falhas consecutivas
2025/08/31 22:16:37.728456 [CRITICAL] RADAR_CRITICAL: Radar porta_montante: 12 falhas consecutivas
2025/08/31 22:16:42.687783 [INFO] RADAR_STATS: caldeira: packets=309, errors=0, fails=0, connected=true, enabled=true, last_seen=0s
2025/08/31 22:16:42.692265 [INFO] RADAR_STATS: porta_jusante: packets=0, errors=0, fails=12, connected=false, enabled=false, last_seen=65s
2025/08/31 22:16:42.695514 [INFO] RADAR_STATS: porta_montante: packets=0, errors=0, fails=12, connected=false, enabled=false, last_seen=65s
2025/08/31 22:16:42.735039 [CRITICAL] RADAR_CRITICAL: Radar porta_jusante: 13 falhas consecutivas
2025/08/31 22:16:42.738770 [CRITICAL] RADAR_CRITICAL: Radar porta_montante: 13 falhas consecutivas
2025/08/31 22:16:47.687924 [INFO] RADAR_STATS: porta_jusante: packets=0, errors=0, fails=13, connected=false, enabled=false, last_seen=70s
2025/08/31 22:16:47.691788 [INFO] RADAR_STATS: porta_montante: packets=0, errors=0, fails=13, connected=false, enabled=false, last_seen=70s
2025/08/31 22:16:47.695795 [INFO] RADAR_STATS: caldeira: packets=334, errors=0, fails=0, connected=true, enabled=true, last_seen=0s
2025/08/31 22:16:47.721415 [CRITICAL] RADAR_CRITICAL: Radar porta_jusante: 14 falhas consecutivas
2025/08/31 22:16:47.725716 [CRITICAL] RADAR_CRITICAL: Radar porta_montante: 14 falhas consecutivas
2025/08/31 22:16:52.688532 [INFO] RADAR_STATS: caldeira: packets=359, errors=0, fails=0, connected=true, enabled=true, last_seen=0s
2025/08/31 22:16:52.692585 [INFO] RADAR_STATS: porta_jusante: packets=0, errors=0, fails=14, connected=false, enabled=false, last_seen=75s
2025/08/31 22:16:52.696657 [INFO] RADAR_STATS: porta_montante: packets=0, errors=0, fails=14, connected=false, enabled=false, last_seen=75s
2025/08/31 22:16:52.724918 [CRITICAL] RADAR_CRITICAL: Radar porta_jusante: 15 falhas consecutivas
2025/08/31 22:16:52.728808 [CRITICAL] RADAR_CRITICAL: Radar porta_montante: 15 falhas consecutivas
2025/08/31 22:16:57.688643 [INFO] RADAR_STATS: porta_montante: packets=0, errors=0, fails=15, connected=false, enabled=false, last_seen=80s
2025/08/31 22:16:57.692445 [INFO] RADAR_STATS: caldeira: packets=384, errors=0, fails=0, connected=true, enabled=true, last_seen=0s
2025/08/31 22:16:57.696411 [INFO] RADAR_STATS: porta_jusante: packets=0, errors=0, fails=15, connected=false, enabled=false, last_seen=80s
2025/08/31 22:16:57.722796 [CRITICAL] RADAR_CRITICAL: Radar porta_montante: 16 falhas consecutivas
2025/08/31 22:16:57.726695 [CRITICAL] RADAR_CRITICAL: Radar porta_jusante: 16 falhas consecutivas
2025/08/31 22:17:02.688354 [INFO] RADAR_STATS: caldeira: packets=409, errors=0, fails=0, connected=true, enabled=true, last_seen=0s
2025/08/31 22:17:02.692210 [INFO] RADAR_STATS: porta_jusante: packets=0, errors=0, fails=16, connected=false, enabled=false, last_seen=85s
2025/08/31 22:17:02.696430 [INFO] RADAR_STATS: porta_montante: packets=0, errors=0, fails=16, connected=false, enabled=false, last_seen=85s
2025/08/31 22:17:02.733195 [CRITICAL] RADAR_CRITICAL: Radar porta_jusante: 17 falhas consecutivas
2025/08/31 22:17:02.737223 [CRITICAL] RADAR_CRITICAL: Radar porta_montante: 17 falhas consecutivas
2025/08/31 22:17:07.687805 [INFO] RADAR_STATS: porta_montante: packets=0, errors=0, fails=17, connected=false, enabled=false, last_seen=90s
2025/08/31 22:17:07.691977 [INFO] RADAR_STATS: caldeira: packets=434, errors=0, fails=0, connected=true, enabled=true, last_seen=0s
2025/08/31 22:17:07.695787 [INFO] RADAR_STATS: porta_jusante: packets=0, errors=0, fails=17, connected=false, enabled=false, last_seen=90s
2025/08/31 22:17:07.729902 [CRITICAL] RADAR_CRITICAL: Radar porta_jusante: 18 falhas consecutivas
2025/08/31 22:17:07.733488 [CRITICAL] RADAR_CRITICAL: Radar porta_montante: 18 falhas consecutivas
2025/08/31 22:17:12.688479 [INFO] RADAR_STATS: porta_montante: packets=0, errors=0, fails=18, connected=false, enabled=false, last_seen=95s
2025/08/31 22:17:12.692540 [INFO] RADAR_STATS: caldeira: packets=459, errors=0, fails=0, connected=true, enabled=true, last_seen=0s
2025/08/31 22:17:12.696586 [INFO] RADAR_STATS: porta_jusante: packets=0, errors=0, fails=18, connected=false, enabled=false, last_seen=95s
2025/08/31 22:17:12.718817 [CRITICAL] RADAR_CRITICAL: Radar porta_jusante: 19 falhas consecutivas
2025/08/31 22:17:12.722609 [CRITICAL] RADAR_CRITICAL: Radar porta_montante: 19 falhas consecutivas
2025/08/31 22:17:17.688047 [INFO] RADAR_STATS: caldeira: packets=484, errors=0, fails=0, connected=true, enabled=true, last_seen=0s
2025/08/31 22:17:17.692208 [INFO] RADAR_STATS: porta_jusante: packets=0, errors=0, fails=19, connected=false, enabled=false, last_seen=100s
2025/08/31 22:17:17.696260 [INFO] RADAR_STATS: porta_montante: packets=0, errors=0, fails=19, connected=false, enabled=false, last_seen=100s
2025/08/31 22:17:17.732566 [CRITICAL] RADAR_CRITICAL: Radar porta_montante: 20 falhas consecutivas
2025/08/31 22:17:17.736622 [CRITICAL] RADAR_CRITICAL: Radar porta_jusante: 20 falhas consecutivas
2025/08/31 22:17:22.688127 [INFO] RADAR_STATS: caldeira: packets=509, errors=0, fails=0, connected=true, enabled=true, last_seen=0s
2025/08/31 22:17:22.691927 [INFO] RADAR_STATS: porta_jusante: packets=0, errors=0, fails=20, connected=false, enabled=false, last_seen=105s
2025/08/31 22:17:22.695774 [INFO] RADAR_STATS: porta_montante: packets=0, errors=0, fails=20, connected=false, enabled=false, last_seen=105s
2025/08/31 22:17:22.741016 [CRITICAL] RADAR_CRITICAL: Radar porta_jusante: 21 falhas consecutivas
2025/08/31 22:17:22.745030 [CRITICAL] RADAR_CRITICAL: Radar porta_montante: 21 falhas consecutivas
2025/08/31 22:17:27.688155 [INFO] RADAR_STATS: caldeira: packets=526, errors=0, fails=0, connected=true, enabled=true, last_seen=1s
2025/08/31 22:17:27.692673 [INFO] RADAR_STATS: porta_jusante: packets=0, errors=0, fails=21, connected=false, enabled=false, last_seen=110s
2025/08/31 22:17:27.696691 [INFO] RADAR_STATS: porta_montante: packets=0, errors=0, fails=21, connected=false, enabled=false, last_seen=110s
2025/08/31 22:17:27.750437 [CRITICAL] RADAR_CRITICAL: Radar porta_jusante: 22 falhas consecutivas
2025/08/31 22:17:27.754461 [CRITICAL] RADAR_CRITICAL: Radar porta_montante: 22 falhas consecutivas
2025/08/31 22:17:32.687955 [INFO] RADAR_STATS: caldeira: packets=526, errors=0, fails=0, connected=true, enabled=true, last_seen=4s
2025/08/31 22:17:32.692284 [INFO] RADAR_STATS: porta_jusante: packets=0, errors=0, fails=22, connected=false, enabled=false, last_seen=115s
2025/08/31 22:17:32.696204 [INFO] RADAR_STATS: porta_montante: packets=0, errors=0, fails=22, connected=false, enabled=false, last_seen=115s
2025/08/31 22:17:32.741116 [CRITICAL] RADAR_CRITICAL: Radar porta_jusante: 23 falhas consecutivas
2025/08/31 22:17:32.745177 [CRITICAL] RADAR_CRITICAL: Radar porta_montante: 23 falhas consecutivas
2025/08/31 22:17:37.688075 [INFO] RADAR_STATS: porta_montante: packets=0, errors=0, fails=23, connected=false, enabled=false, last_seen=120s
2025/08/31 22:17:37.692064 [INFO] RADAR_STATS: caldeira: packets=526, errors=0, fails=0, connected=true, enabled=true, last_seen=4s
2025/08/31 22:17:37.696073 [INFO] RADAR_STATS: porta_jusante: packets=0, errors=0, fails=23, connected=false, enabled=false, last_seen=120s
2025/08/31 22:17:38.656270 [CRITICAL] RADAR_CRITICAL: Radar porta_montante: 24 falhas consecutivas
2025/08/31 22:17:38.660245 [CRITICAL] RADAR_CRITICAL: Radar porta_jusante: 24 falhas consecutivas
2025/08/31 22:17:42.687909 [INFO] RADAR_STATS: caldeira: packets=526, errors=0, fails=0, connected=true, enabled=true, last_seen=4s
2025/08/31 22:17:42.692133 [INFO] RADAR_STATS: porta_jusante: packets=0, errors=0, fails=24, connected=false, enabled=false, last_seen=125s
2025/08/31 22:17:42.696022 [INFO] RADAR_STATS: porta_montante: packets=0, errors=0, fails=24, connected=false, enabled=false, last_seen=125s
2025/08/31 22:17:42.743100 [CRITICAL] RADAR_CRITICAL: Radar porta_jusante: 25 falhas consecutivas
2025/08/31 22:17:42.746900 [CRITICAL] RADAR_CRITICAL: Radar porta_montante: 25 falhas consecutivas
2025/08/31 22:17:47.687903 [INFO] RADAR_STATS: caldeira: packets=526, errors=0, fails=0, connected=true, enabled=true, last_seen=4s
2025/08/31 22:17:47.691668 [INFO] RADAR_STATS: porta_jusante: packets=0, errors=0, fails=25, connected=false, enabled=false, last_seen=130s
2025/08/31 22:17:47.695637 [INFO] RADAR_STATS: porta_montante: packets=0, errors=0, fails=25, connected=false, enabled=false, last_seen=130s
2025/08/31 22:17:47.730082 [CRITICAL] RADAR_CRITICAL: Radar porta_jusante: 26 falhas consecutivas
2025/08/31 22:17:47.733929 [CRITICAL] RADAR_CRITICAL: Radar porta_montante: 26 falhas consecutivas
2025/08/31 22:17:52.688074 [INFO] RADAR_STATS: caldeira: packets=526, errors=0, fails=0, connected=true, enabled=true, last_seen=4s
2025/08/31 22:17:52.692365 [INFO] RADAR_STATS: porta_jusante: packets=0, errors=0, fails=26, connected=false, enabled=false, last_seen=135s
2025/08/31 22:17:52.696041 [INFO] RADAR_STATS: porta_montante: packets=0, errors=0, fails=26, connected=false, enabled=false, last_seen=135s
2025/08/31 22:17:52.748474 [CRITICAL] RADAR_CRITICAL: Radar porta_montante: 27 falhas consecutivas
2025/08/31 22:17:52.752784 [CRITICAL] RADAR_CRITICAL: Radar porta_jusante: 27 falhas consecutivas
2025/08/31 22:17:56.080877 [CRITICAL] SHUTDOWN: Iniciando parada do sistema...
2025/08/31 22:18:06.500307 [CRITICAL] SISTEMA INICIADO: PLC Controller Ultra-Robusto inicializado
2025/08/31 22:18:06.504785 [CRITICAL] STARTUP: Iniciando sistema ultra-robusto para produção 24/7
2025/08/31 22:18:06.508576 [CRITICAL] STARTUP: Todos os sistemas iniciados - Operação 24/7 com reconexão automática
2025/08/31 22:18:07.031466 [INFO] RADAR_ENABLE: Radar porta_jusante DESABILITADO
2025/08/31 22:18:07.035013 [INFO] RADAR_ENABLE: Radar porta_montante DESABILITADO
2025/08/31 22:18:09.760197 [INFO] RADAR_STATUS: Radar caldeira: CONECTADO
2025/08/31 22:18:09.764133 [INFO] WEBSOCKET: WebSocket RODANDO
2025/08/31 22:18:11.577550 [CRITICAL] PLC_RECONNECT: Conexão PLC RESTAURADA após 0 falhas
2025/08/31 22:18:11.581360 [CRITICAL] RADAR_RECONNECT: Radar porta_jusante RECONECTADO
2025/08/31 22:18:11.585547 [CRITICAL] RADAR_RECONNECT: Radar porta_montante RECONECTADO
2025/08/31 22:18:11.617477 [INFO] RADAR_STATUS: Radar porta_jusante: DESCONECTADO
2025/08/31 22:18:11.621610 [INFO] RADAR_STATUS: Radar porta_montante: DESCONECTADO
2025/08/31 22:18:16.582477 [CRITICAL] RADAR_RECONNECT: Radar porta_jusante RECONECTADO
2025/08/31 22:18:16.586527 [CRITICAL] RADAR_RECONNECT: Radar porta_montante RECONECTADO
2025/08/31 22:18:16.626181 [INFO] RADAR_STATUS: Radar porta_jusante: DESCONECTADO
2025/08/31 22:18:16.630024 [INFO] RADAR_STATUS: Radar porta_montante: DESCONECTADO
2025/08/31 22:18:21.601124 [CRITICAL] RADAR_RECONNECT: Radar porta_jusante RECONECTADO
2025/08/31 22:18:21.604786 [CRITICAL] RADAR_RECONNECT: Radar porta_montante RECONECTADO
2025/08/31 22:18:21.636199 [INFO] RADAR_STATUS: Radar porta_jusante: DESCONECTADO
2025/08/31 22:18:21.639835 [INFO] RADAR_STATUS: Radar porta_montante: DESCONECTADO
2025/08/31 22:18:26.608376 [CRITICAL] RADAR_RECONNECT: Radar porta_montante RECONECTADO
2025/08/31 22:18:26.612412 [CRITICAL] RADAR_RECONNECT: Radar porta_jusante RECONECTADO
2025/08/31 22:18:26.652610 [INFO] RADAR_STATUS: Radar porta_jusante: DESCONECTADO
2025/08/31 22:18:26.656495 [INFO] RADAR_STATUS: Radar porta_montante: DESCONECTADO
2025/08/31 22:18:31.569264 [CRITICAL] RADAR_RECONNECT: Radar porta_montante RECONECTADO
2025/08/31 22:18:31.573280 [CRITICAL] RADAR_RECONNECT: Radar porta_jusante RECONECTADO
2025/08/31 22:18:31.622265 [INFO] RADAR_STATUS: Radar porta_jusante: DESCONECTADO
2025/08/31 22:18:31.626367 [INFO] RADAR_STATUS: Radar porta_montante: DESCONECTADO
2025/09/01 07:40:56.509033 [ERROR] STATUS.WriteSystemStatus: erro ao escrever LiveBit: erro na conversão bool: erro ao ler byte atual: read tcp 192.168.1.92:55828->192.168.1.33:102: i/o timeout
2025/09/01 07:40:56.513288 [ERROR] STATUS_WRITE.writeSystemStatus: erro ao escrever LiveBit: erro na conversão bool: erro ao ler byte atual: read tcp 192.168.1.92:55828->192.168.1.33:102: i/o timeout
2025/09/01 07:41:01.509920 [CRITICAL] PLC_DISCONNECT: Conexão PLC PERDIDA após 1 falhas: erro ao ler StartCollection: erro leitura PLC DB100.0: read tcp 192.168.1.92:55828->192.168.1.33:102: i/o timeout
2025/09/01 07:41:06.509430 [INFO] RECONNECT: Tentativa de reconexão PLC #1
2025/09/01 07:41:06.513636 [ERROR] COMMAND_READ.ReadCommands: erro ao ler StartCollection: erro leitura PLC DB100.0: read tcp 192.168.1.92:55828->192.168.1.33:102: i/o timeout
2025/09/01 07:41:21.515348 [ERROR] RADAR_WRITE.caldeira: erro na escrita offset 6: erro na conversão bool: erro ao ler byte atual: read tcp 192.168.1.92:55828->192.168.1.33:102: i/o timeout
